#
# There is insufficient memory for the Java Runtime Environment to continue.
# Native memory allocation (malloc) failed to allocate 900096 bytes for Chunk::new
# Possible reasons:
#   The system is out of physical RAM or swap space
#   The process is running with CompressedOops enabled, and the Java Heap may be blocking the growth of the native heap
# Possible solutions:
#   Reduce memory load on the system
#   Increase physical memory or swap space
#   Check if swap backing store is full
#   Decrease Java heap size (-Xmx/-Xms)
#   Decrease number of Java threads
#   Decrease Java thread stack sizes (-Xss)
#   Set larger code cache with -XX:ReservedCodeCacheSize=
#   JVM is running with Unscaled Compressed Oops mode in which the Java heap is
#     placed in the first 4GB address space. The Java Heap base address is the
#     maximum limit for the native heap growth. Please use -XX:HeapBaseMinAddress
#     to set the Java Heap base and to place the Java Heap above 4GB virtual address.
# This output file may be truncated or incomplete.
#
#  Out of Memory Error (./src/hotspot/share/memory/arena.cpp:197), pid=14416, tid=9380
#
# JRE version: OpenJDK Runtime Environment (11.0.10) (build 11.0.10+0-b96-7249189)
# Java VM: OpenJDK 64-Bit Server VM (11.0.10+0-b96-7249189, mixed mode, tiered, compressed oops, g1 gc, windows-amd64)
# No core dump will be written. Minidumps are not enabled by default on client versions of Windows
#

---------------  S U M M A R Y ------------

Command Line: --add-opens=java.base/java.util=ALL-UNNAMED --add-opens=java.base/java.lang=ALL-UNNAMED --add-opens=java.base/java.lang.invoke=ALL-UNNAMED --add-opens=java.base/java.util=ALL-UNNAMED --add-opens=java.prefs/java.util.prefs=ALL-UNNAMED --add-opens=java.prefs/java.util.prefs=ALL-UNNAMED --add-opens=java.base/java.nio.charset=ALL-UNNAMED --add-opens=java.base/java.net=ALL-UNNAMED --add-opens=java.base/java.util.concurrent.atomic=ALL-UNNAMED -Xmx2048m -Dfile.encoding=UTF-8 -Duser.country=US -Duser.language=en -Duser.variant org.gradle.launcher.daemon.bootstrap.GradleDaemon 7.0.2

Host: Intel(R) Core(TM) i5-8250U CPU @ 1.60GHz, 8 cores, 7G,  Windows 10 , 64 bit Build 19041 (10.0.19041.1202)
Time: Thu Nov  4 13:52:17 2021 India Standard Time elapsed time: 1175.210474 seconds (0d 0h 19m 35s)

---------------  T H R E A D  ---------------

Current thread (0x0000020ffb666000):  JavaThread "C2 CompilerThread1" daemon [_thread_in_native, id=9380, stack(0x00000033abb00000,0x00000033abc00000)]


Current CompileTask:
C2:1175210 28726 %     4       com.android.tools.r8.internal.T6::a @ 3180 (4191 bytes)

Stack: [0x00000033abb00000,0x00000033abc00000]
Native frames: (J=compiled Java code, j=interpreted, Vv=VM code, C=native code)
V  [jvm.dll+0x5ecfaa]
V  [jvm.dll+0x722bd5]
V  [jvm.dll+0x72412d]
V  [jvm.dll+0x7247e3]
V  [jvm.dll+0x242928]
V  [jvm.dll+0xbc4fc]
V  [jvm.dll+0xbca0c]
V  [jvm.dll+0x2b4fd4]
V  [jvm.dll+0x506028]
V  [jvm.dll+0x1fcbde]
V  [jvm.dll+0x1fa77f]
V  [jvm.dll+0x18354c]
V  [jvm.dll+0x208ee7]
V  [jvm.dll+0x207731]
V  [jvm.dll+0x6eb1cf]
V  [jvm.dll+0x6e3d45]
V  [jvm.dll+0x5ebe96]
C  [ucrtbase.dll+0x21bb2]
C  [KERNEL32.DLL+0x17034]
C  [ntdll.dll+0x52651]


---------------  P R O C E S S  ---------------

Threads class SMR info:
_java_thread_list=0x0000020f812084d0, length=72, elements={
0x0000020fdcbed800, 0x0000020ff7051800, 0x0000020ff7054800, 0x0000020ff7069800,
0x0000020ff706a800, 0x0000020ff706d000, 0x0000020ff706f800, 0x0000020ff7071800,
0x0000020ff7078800, 0x0000020ff7b1f000, 0x0000020ff9486800, 0x0000020ff7d72000,
0x0000020ffa6b2800, 0x0000020ff94b2800, 0x0000020ff94b4000, 0x0000020ff94b0800,
0x0000020ff94b5000, 0x0000020ff94af000, 0x0000020ffb658800, 0x0000020ffb658000,
0x0000020ffb65c000, 0x0000020ffb65f000, 0x0000020ffb65a800, 0x0000020ffb665000,
0x0000020ffd958800, 0x0000020ffd95c800, 0x0000020ffd95f000, 0x0000020ffd95a000,
0x0000020ffd95d800, 0x0000020ff8f91000, 0x0000020ff8f8b000, 0x0000020ffd95b800,
0x0000020ffd961800, 0x0000020ff8f84000, 0x0000020ff8f84800, 0x0000020ff8f82000,
0x0000020ff8f83000, 0x0000020ff8f87000, 0x0000020ff8f8a800, 0x0000020ff8f88800,
0x0000020ff8f85800, 0x0000020ff8f8c000, 0x0000020ff8f89800, 0x0000020ff8f86800,
0x0000020ff8f8d800, 0x0000020ff8f88000, 0x0000020ff8f8f800, 0x0000020ff8f8e800,
0x0000020ff8f90000, 0x0000020ffb65b000, 0x0000020ffb65d000, 0x0000020ffb657000,
0x0000020ffb666000, 0x0000020ffb661800, 0x0000020ffb663800, 0x0000020ffb664000,
0x0000020ffb660000, 0x0000020ffb661000, 0x0000020ffd959800, 0x0000020ffd963000,
0x0000020ffd964800, 0x0000020ffd960000, 0x0000020ffd965800, 0x0000020ffd964000,
0x0000020ffd966800, 0x0000020ffd960800, 0x0000020ffd967000, 0x0000020ff94b3000,
0x0000020ff94b5800, 0x0000020ff94b0000, 0x0000020ff94b1800, 0x0000020ffb662800
}

Java Threads: ( => current thread )
  0x0000020fdcbed800 JavaThread "main" [_thread_blocked, id=10424, stack(0x00000033a8200000,0x00000033a8300000)]
  0x0000020ff7051800 JavaThread "Reference Handler" daemon [_thread_blocked, id=11592, stack(0x00000033a8900000,0x00000033a8a00000)]
  0x0000020ff7054800 JavaThread "Finalizer" daemon [_thread_blocked, id=9844, stack(0x00000033a8a00000,0x00000033a8b00000)]
  0x0000020ff7069800 JavaThread "Signal Dispatcher" daemon [_thread_blocked, id=4924, stack(0x00000033a8b00000,0x00000033a8c00000)]
  0x0000020ff706a800 JavaThread "Attach Listener" daemon [_thread_blocked, id=13844, stack(0x00000033a8c00000,0x00000033a8d00000)]
  0x0000020ff706d000 JavaThread "Service Thread" daemon [_thread_blocked, id=14376, stack(0x00000033a8d00000,0x00000033a8e00000)]
  0x0000020ff706f800 JavaThread "C2 CompilerThread0" daemon [_thread_in_native, id=1560, stack(0x00000033a8e00000,0x00000033a8f00000)]
  0x0000020ff7071800 JavaThread "C1 CompilerThread0" daemon [_thread_blocked, id=1992, stack(0x00000033a8f00000,0x00000033a9000000)]
  0x0000020ff7078800 JavaThread "Sweeper thread" daemon [_thread_blocked, id=13032, stack(0x00000033a9000000,0x00000033a9100000)]
  0x0000020ff7b1f000 JavaThread "Common-Cleaner" daemon [_thread_blocked, id=3884, stack(0x00000033a9100000,0x00000033a9200000)]
  0x0000020ff9486800 JavaThread "Daemon health stats" [_thread_blocked, id=14012, stack(0x00000033a9700000,0x00000033a9800000)]
  0x0000020ff7d72000 JavaThread "Incoming local TCP Connector on port 54088" [_thread_in_native, id=12764, stack(0x00000033a9300000,0x00000033a9400000)]
  0x0000020ffa6b2800 JavaThread "Daemon periodic checks" [_thread_blocked, id=11968, stack(0x00000033a9600000,0x00000033a9700000)]
  0x0000020ff94b2800 JavaThread "Cache worker for file hash cache (C:\Users\Prince\.gradle\caches\7.0.2\fileHashes)" [_thread_blocked, id=14344, stack(0x00000033aa400000,0x00000033aa500000)]
  0x0000020ff94b4000 JavaThread "File lock request listener" [_thread_in_native, id=9140, stack(0x00000033aa500000,0x00000033aa600000)]
  0x0000020ff94b0800 JavaThread "Cache worker for journal cache (C:\Users\Prince\.gradle\caches\journal-1)" [_thread_blocked, id=14596, stack(0x00000033aa700000,0x00000033aa800000)]
  0x0000020ff94b5000 JavaThread "File watcher server" daemon [_thread_in_native, id=15008, stack(0x00000033aaa00000,0x00000033aab00000)]
  0x0000020ff94af000 JavaThread "File watcher consumer" daemon [_thread_blocked, id=3868, stack(0x00000033aab00000,0x00000033aac00000)]
  0x0000020ffb658800 JavaThread "Cache worker for execution history cache (C:\Users\Prince\.gradle\caches\7.0.2\executionHistory)" [_thread_blocked, id=836, stack(0x00000033ab000000,0x00000033ab100000)]
  0x0000020ffb658000 JavaThread "jar transforms" [_thread_blocked, id=10448, stack(0x00000033ab100000,0x00000033ab200000)]
  0x0000020ffb65c000 JavaThread "jar transforms Thread 2" [_thread_blocked, id=10640, stack(0x00000033ab200000,0x00000033ab300000)]
  0x0000020ffb65f000 JavaThread "Cache worker for file content cache (C:\Users\Prince\.gradle\caches\7.0.2\fileContent)" [_thread_blocked, id=892, stack(0x00000033ab300000,0x00000033ab400000)]
  0x0000020ffb65a800 JavaThread "jar transforms Thread 3" [_thread_blocked, id=13944, stack(0x00000033ab500000,0x00000033ab600000)]
  0x0000020ffb665000 JavaThread "jar transforms Thread 4" [_thread_blocked, id=14040, stack(0x00000033abf00000,0x00000033ac000000)]
  0x0000020ffd958800 JavaThread "jar transforms Thread 5" [_thread_blocked, id=12704, stack(0x00000033ac000000,0x00000033ac100000)]
  0x0000020ffd95c800 JavaThread "jar transforms Thread 6" [_thread_blocked, id=14248, stack(0x00000033ac100000,0x00000033ac200000)]
  0x0000020ffd95f000 JavaThread "jar transforms Thread 7" [_thread_blocked, id=15188, stack(0x00000033ac200000,0x00000033ac300000)]
  0x0000020ffd95a000 JavaThread "jar transforms Thread 8" [_thread_blocked, id=3028, stack(0x00000033ac300000,0x00000033ac400000)]
  0x0000020ffd95d800 JavaThread "Memory manager" [_thread_blocked, id=4812, stack(0x00000033aaf00000,0x00000033ab000000)]
  0x0000020ff8f91000 JavaThread "Cache worker for Java compile cache (C:\Users\Prince\.gradle\caches\7.0.2\javaCompile)" [_thread_blocked, id=7592, stack(0x00000033ad300000,0x00000033ad400000)]
  0x0000020ff8f8b000 JavaThread "ForkJoinPool.commonPool-worker-11" daemon [_thread_blocked, id=2916, stack(0x00000033ad500000,0x00000033ad600000)]
  0x0000020ffd95b800 JavaThread "Daemon Thread 7" [_thread_blocked, id=12380, stack(0x00000033a7f00000,0x00000033a8000000)]
  0x0000020ffd961800 JavaThread "Daemon worker Thread 7" [_thread_blocked, id=6020, stack(0x00000033a9800000,0x00000033a9900000)]
  0x0000020ff8f84000 JavaThread "Handler for socket connection from /127.0.0.1:54088 to /127.0.0.1:54680" [_thread_in_native, id=10108, stack(0x00000033a8000000,0x00000033a8100000)]
  0x0000020ff8f84800 JavaThread "Cancel handler" [_thread_blocked, id=3120, stack(0x00000033a8100000,0x00000033a8200000)]
  0x0000020ff8f82000 JavaThread "Asynchronous log dispatcher for DefaultDaemonConnection: socket connection from /127.0.0.1:54088 to /127.0.0.1:54680" [_thread_blocked, id=13700, stack(0x00000033a9900000,0x00000033a9a00000)]
  0x0000020ff8f83000 JavaThread "Stdin handler" [_thread_blocked, id=15128, stack(0x00000033a9a00000,0x00000033a9b00000)]
  0x0000020ff8f87000 JavaThread "Daemon client event forwarder" [_thread_blocked, id=10300, stack(0x00000033a9b00000,0x00000033a9c00000)]
  0x0000020ff8f8a800 JavaThread "Cache worker for file hash cache (C:\Users\Prince\AndroidStudioProjects\Ethereal\.gradle\7.0.2\fileHashes)" [_thread_blocked, id=14260, stack(0x00000033a9c00000,0x00000033a9d00000)]
  0x0000020ff8f88800 JavaThread "Cache worker for checksums cache (C:\Users\Prince\AndroidStudioProjects\Ethereal\.gradle\checksums)" [_thread_blocked, id=7984, stack(0x00000033a9d00000,0x00000033a9e00000)]
  0x0000020ff8f85800 JavaThread "Cache worker for cache directory md-supplier (C:\Users\Prince\.gradle\caches\7.0.2\md-supplier)" [_thread_blocked, id=14168, stack(0x00000033a9e00000,0x00000033a9f00000)]
  0x0000020ff8f8c000 JavaThread "Cache worker for cache directory md-rule (C:\Users\Prince\.gradle\caches\7.0.2\md-rule)" [_thread_blocked, id=14944, stack(0x00000033aa800000,0x00000033aa900000)]
  0x0000020ff8f89800 JavaThread "Cache worker for dependencies-accessors (C:\Users\Prince\AndroidStudioProjects\Ethereal\.gradle\7.0.2\dependencies-accessors)" [_thread_blocked, id=2552, stack(0x00000033aa900000,0x00000033aaa00000)]
  0x0000020ff8f86800 JavaThread "Cache worker for Build Output Cleanup Cache (C:\Users\Prince\AndroidStudioProjects\Ethereal\.gradle\buildOutputCleanup)" [_thread_blocked, id=8856, stack(0x00000033aac00000,0x00000033aad00000)]
  0x0000020ff8f8d800 JavaThread "Build operations" [_thread_blocked, id=14828, stack(0x00000033aad00000,0x00000033aae00000)]
  0x0000020ff8f88000 JavaThread "Build operations Thread 2" [_thread_blocked, id=10736, stack(0x00000033aae00000,0x00000033aaf00000)]
  0x0000020ff8f8f800 JavaThread "Build operations Thread 3" [_thread_blocked, id=14664, stack(0x00000033ab400000,0x00000033ab500000)]
  0x0000020ff8f8e800 JavaThread "Build operations Thread 4" [_thread_blocked, id=1212, stack(0x00000033ab600000,0x00000033ab700000)]
  0x0000020ff8f90000 JavaThread "Build operations Thread 5" [_thread_in_native, id=10372, stack(0x00000033ab700000,0x00000033ab800000)]
  0x0000020ffb65b000 JavaThread "Build operations Thread 6" [_thread_blocked, id=13440, stack(0x00000033ab800000,0x00000033ab900000)]
  0x0000020ffb65d000 JavaThread "Build operations Thread 7" [_thread_blocked, id=11008, stack(0x00000033ab900000,0x00000033aba00000)]
  0x0000020ffb657000 JavaThread "Build operations Thread 8" [_thread_blocked, id=12908, stack(0x00000033aba00000,0x00000033abb00000)]
=>0x0000020ffb666000 JavaThread "C2 CompilerThread1" daemon [_thread_in_native, id=9380, stack(0x00000033abb00000,0x00000033abc00000)]
  0x0000020ffb661800 JavaThread "build event listener" [_thread_blocked, id=1616, stack(0x00000033abd00000,0x00000033abe00000)]
  0x0000020ffb663800 JavaThread "Execution worker for ':'" [_thread_blocked, id=3152, stack(0x00000033abe00000,0x00000033abf00000)]
  0x0000020ffb664000 JavaThread "Execution worker for ':' Thread 2" [_thread_blocked, id=7740, stack(0x00000033ac400000,0x00000033ac500000)]
  0x0000020ffb660000 JavaThread "Execution worker for ':' Thread 3" [_thread_blocked, id=12952, stack(0x00000033ac500000,0x00000033ac600000)]
  0x0000020ffb661000 JavaThread "Execution worker for ':' Thread 4" [_thread_blocked, id=2008, stack(0x00000033ac600000,0x00000033ac700000)]
  0x0000020ffd959800 JavaThread "Execution worker for ':' Thread 5" [_thread_blocked, id=148, stack(0x00000033ac700000,0x00000033ac800000)]
  0x0000020ffd963000 JavaThread "Execution worker for ':' Thread 6" [_thread_blocked, id=4292, stack(0x00000033ac800000,0x00000033ac900000)]
  0x0000020ffd964800 JavaThread "Execution worker for ':' Thread 7" [_thread_blocked, id=84, stack(0x00000033ac900000,0x00000033aca00000)]
  0x0000020ffd960000 JavaThread "Cache worker for execution history cache (C:\Users\Prince\AndroidStudioProjects\Ethereal\.gradle\7.0.2\executionHistory)" [_thread_blocked, id=4348, stack(0x00000033aca00000,0x00000033acb00000)]
  0x0000020ffd965800 JavaThread "WorkerExecutor Queue" [_thread_blocked, id=4400, stack(0x00000033abc00000,0x00000033abd00000)]
  0x0000020ffd964000 JavaThread "WorkerExecutor Queue Thread 2" [_thread_blocked, id=3920, stack(0x00000033acb00000,0x00000033acc00000)]
  0x0000020ffd966800 JavaThread "WorkerExecutor Queue Thread 3" [_thread_blocked, id=14724, stack(0x00000033acc00000,0x00000033acd00000)]
  0x0000020ffd960800 JavaThread "WorkerExecutor Queue Thread 4" [_thread_blocked, id=10556, stack(0x00000033acd00000,0x00000033ace00000)]
  0x0000020ffd967000 JavaThread "WorkerExecutor Queue Thread 5" [_thread_blocked, id=11648, stack(0x00000033ad000000,0x00000033ad100000)]
  0x0000020ff94b3000 JavaThread "WorkerExecutor Queue Thread 6" [_thread_blocked, id=10720, stack(0x00000033ad100000,0x00000033ad200000)]
  0x0000020ff94b5800 JavaThread "WorkerExecutor Queue Thread 7" [_thread_blocked, id=12856, stack(0x00000033ad200000,0x00000033ad300000)]
  0x0000020ff94b0000 JavaThread "WorkerExecutor Queue Thread 8" [_thread_blocked, id=3924, stack(0x00000033ad400000,0x00000033ad500000)]
  0x0000020ff94b1800 JavaThread "Java2D Disposer" daemon [_thread_blocked, id=12372, stack(0x00000033ad800000,0x00000033ad900000)]
  0x0000020ffb662800 JavaThread "C2 CompilerThread2" daemon [_thread_in_native, id=1592, stack(0x00000033ad900000,0x00000033ada00000)]

Other Threads:
  0x0000020ff704f800 VMThread "VM Thread" [stack: 0x00000033a8800000,0x00000033a8900000] [id=4856]
  0x0000020ff7b60000 WatcherThread [stack: 0x00000033a9200000,0x00000033a9300000] [id=14440]
  0x0000020fdcc05800 GCTaskThread "GC Thread#0" [stack: 0x00000033a8300000,0x00000033a8400000] [id=13512]
  0x0000020ff8511000 GCTaskThread "GC Thread#1" [stack: 0x00000033a9400000,0x00000033a9500000] [id=14732]
  0x0000020ff7faf800 GCTaskThread "GC Thread#2" [stack: 0x00000033a9500000,0x00000033a9600000] [id=14388]
  0x0000020ff90d4000 GCTaskThread "GC Thread#3" [stack: 0x00000033a9f00000,0x00000033aa000000] [id=10936]
  0x0000020ff90f4000 GCTaskThread "GC Thread#4" [stack: 0x00000033aa000000,0x00000033aa100000] [id=4896]
  0x0000020ff8d73800 GCTaskThread "GC Thread#5" [stack: 0x00000033aa100000,0x00000033aa200000] [id=14920]
  0x0000020ffa6f2000 GCTaskThread "GC Thread#6" [stack: 0x00000033aa200000,0x00000033aa300000] [id=12656]
  0x0000020ffa6f3000 GCTaskThread "GC Thread#7" [stack: 0x00000033aa300000,0x00000033aa400000] [id=10768]
  0x0000020fdcc3c800 ConcurrentGCThread "G1 Main Marker" [stack: 0x00000033a8400000,0x00000033a8500000] [id=4936]
  0x0000020fdcc3d800 ConcurrentGCThread "G1 Conc#0" [stack: 0x00000033a8500000,0x00000033a8600000] [id=13136]
  0x0000020ffb1ff800 ConcurrentGCThread "G1 Conc#1" [stack: 0x00000033aa600000,0x00000033aa700000] [id=648]
  0x0000020ff6ea0800 ConcurrentGCThread "G1 Refine#0" [stack: 0x00000033a8600000,0x00000033a8700000] [id=7944]
  0x0000020ffeeab000 ConcurrentGCThread "G1 Refine#1" [stack: 0x00000033ace00000,0x00000033acf00000] [id=6272]
  0x0000020f8302f800 ConcurrentGCThread "G1 Refine#2" [stack: 0x00000033acf00000,0x00000033ad000000] [id=15004]
  0x0000020ff6ea1000 ConcurrentGCThread "G1 Young RemSet Sampling" [stack: 0x00000033a8700000,0x00000033a8800000] [id=8260]

Threads with active compile tasks:
C2 CompilerThread01175695 28893       4       com.android.tools.r8.graph.A0::c (177 bytes)
C2 CompilerThread11175695 28726 %     4       com.android.tools.r8.internal.T6::a @ 3180 (4191 bytes)
C2 CompilerThread21175695 29016 %     4       com.android.tools.r8.internal.T6::a @ 1511 (6044 bytes)

VM state:not at safepoint (normal execution)

VM Mutex/Monitor currently owned by a thread: None

OutOfMemory and StackOverflow Exception counts:
OutOfMemoryError java_heap_errors=1
LinkageErrors=298

Heap address: 0x0000000080000000, size: 2048 MB, Compressed Oops mode: 32-bit
Narrow klass base: 0x0000000000000000, Narrow klass shift: 3
Compressed class space size: 1073741824 Address: 0x0000000100000000

Heap:
 garbage-first heap   total 322560K, used 208740K [0x0000000080000000, 0x0000000100000000)
  region size 1024K, 49 young (50176K), 10 survivors (10240K)
 Metaspace       used 151467K, capacity 157305K, committed 157516K, reserved 1185792K
  class space    used 18966K, capacity 21014K, committed 21068K, reserved 1048576K
Heap Regions: E=young(eden), S=young(survivor), O=old, HS=humongous(starts), HC=humongous(continues), CS=collection set, F=free, A=archive, TAMS=top-at-mark-start (previous, next)
|   0|0x0000000080000000, 0x0000000080100000, 0x0000000080100000|100%| O|  |TAMS 0x0000000080100000, 0x0000000080000000| Untracked 
|   1|0x0000000080100000, 0x0000000080200000, 0x0000000080200000|100%| O|  |TAMS 0x0000000080200000, 0x0000000080100000| Untracked 
|   2|0x0000000080200000, 0x0000000080300000, 0x0000000080300000|100%| O|  |TAMS 0x0000000080300000, 0x0000000080200000| Untracked 
|   3|0x0000000080300000, 0x0000000080400000, 0x0000000080400000|100%|HS|  |TAMS 0x0000000080400000, 0x0000000080300000| Complete 
|   4|0x0000000080400000, 0x0000000080500000, 0x0000000080500000|100%|HC|  |TAMS 0x0000000080500000, 0x0000000080400000| Complete 
|   5|0x0000000080500000, 0x0000000080600000, 0x0000000080600000|100%|HC|  |TAMS 0x0000000080600000, 0x0000000080500000| Complete 
|   6|0x0000000080600000, 0x0000000080700000, 0x0000000080700000|100%| O|  |TAMS 0x0000000080700000, 0x0000000080600000| Untracked 
|   7|0x0000000080700000, 0x0000000080800000, 0x0000000080800000|100%| O|  |TAMS 0x0000000080800000, 0x0000000080700000| Untracked 
|   8|0x0000000080800000, 0x0000000080900000, 0x0000000080900000|100%| O|  |TAMS 0x0000000080900000, 0x0000000080800000| Untracked 
|   9|0x0000000080900000, 0x0000000080a00000, 0x0000000080a00000|100%| O|  |TAMS 0x0000000080a00000, 0x0000000080900000| Untracked 
|  10|0x0000000080a00000, 0x0000000080b00000, 0x0000000080b00000|100%| O|  |TAMS 0x0000000080b00000, 0x0000000080a00000| Untracked 
|  11|0x0000000080b00000, 0x0000000080c00000, 0x0000000080c00000|100%| O|  |TAMS 0x0000000080c00000, 0x0000000080b00000| Untracked 
|  12|0x0000000080c00000, 0x0000000080d00000, 0x0000000080d00000|100%| O|  |TAMS 0x0000000080d00000, 0x0000000080c00000| Untracked 
|  13|0x0000000080d00000, 0x0000000080e00000, 0x0000000080e00000|100%| O|  |TAMS 0x0000000080e00000, 0x0000000080d00000| Untracked 
|  14|0x0000000080e00000, 0x0000000080f00000, 0x0000000080f00000|100%| O|  |TAMS 0x0000000080f00000, 0x0000000080e00000| Complete 
|  15|0x0000000080f00000, 0x0000000081000000, 0x0000000081000000|100%| O|  |TAMS 0x0000000081000000, 0x0000000080f00000| Untracked 
|  16|0x0000000081000000, 0x0000000081100000, 0x0000000081100000|100%| O|  |TAMS 0x0000000081100000, 0x0000000081000000| Complete 
|  17|0x0000000081100000, 0x0000000081200000, 0x0000000081200000|100%| O|  |TAMS 0x0000000081200000, 0x0000000081100000| Complete 
|  18|0x0000000081200000, 0x0000000081300000, 0x0000000081300000|100%|HS|  |TAMS 0x0000000081300000, 0x0000000081200000| Complete 
|  19|0x0000000081300000, 0x0000000081400000, 0x0000000081400000|100%| O|  |TAMS 0x0000000081400000, 0x0000000081300000| Untracked 
|  20|0x0000000081400000, 0x0000000081500000, 0x0000000081500000|100%| O|  |TAMS 0x0000000081500000, 0x0000000081400000| Untracked 
|  21|0x0000000081500000, 0x0000000081600000, 0x0000000081600000|100%| O|  |TAMS 0x0000000081600000, 0x0000000081500000| Complete 
|  22|0x0000000081600000, 0x0000000081700000, 0x0000000081700000|100%| O|  |TAMS 0x0000000081700000, 0x0000000081600000| Untracked 
|  23|0x0000000081700000, 0x0000000081800000, 0x0000000081800000|100%|HS|  |TAMS 0x0000000081800000, 0x0000000081700000| Complete 
|  24|0x0000000081800000, 0x0000000081900000, 0x0000000081900000|100%|HS|  |TAMS 0x0000000081900000, 0x0000000081800000| Complete 
|  25|0x0000000081900000, 0x0000000081a00000, 0x0000000081a00000|100%|HC|  |TAMS 0x0000000081a00000, 0x0000000081900000| Complete 
|  26|0x0000000081a00000, 0x0000000081b00000, 0x0000000081b00000|100%| O|  |TAMS 0x0000000081b00000, 0x0000000081a00000| Untracked 
|  27|0x0000000081b00000, 0x0000000081c00000, 0x0000000081c00000|100%| O|  |TAMS 0x0000000081c00000, 0x0000000081b00000| Untracked 
|  28|0x0000000081c00000, 0x0000000081d00000, 0x0000000081d00000|100%| O|  |TAMS 0x0000000081d00000, 0x0000000081c00000| Untracked 
|  29|0x0000000081d00000, 0x0000000081e00000, 0x0000000081e00000|100%| O|  |TAMS 0x0000000081e00000, 0x0000000081d00000| Untracked 
|  30|0x0000000081e00000, 0x0000000081f00000, 0x0000000081f00000|100%| O|  |TAMS 0x0000000081f00000, 0x0000000081e00000| Untracked 
|  31|0x0000000081f00000, 0x0000000082000000, 0x0000000082000000|100%| O|  |TAMS 0x0000000082000000, 0x0000000081f00000| Complete 
|  32|0x0000000082000000, 0x0000000082100000, 0x0000000082100000|100%| O|  |TAMS 0x0000000082100000, 0x0000000082000000| Complete 
|  33|0x0000000082100000, 0x0000000082200000, 0x0000000082200000|100%| O|  |TAMS 0x0000000082200000, 0x0000000082100000| Untracked 
|  34|0x0000000082200000, 0x0000000082300000, 0x0000000082300000|100%| O|  |TAMS 0x0000000082300000, 0x0000000082200000| Untracked 
|  35|0x0000000082300000, 0x0000000082400000, 0x0000000082400000|100%| O|  |TAMS 0x0000000082400000, 0x0000000082300000| Untracked 
|  36|0x0000000082400000, 0x0000000082500000, 0x0000000082500000|100%| O|  |TAMS 0x0000000082500000, 0x0000000082400000| Untracked 
|  37|0x0000000082500000, 0x0000000082600000, 0x0000000082600000|100%| O|  |TAMS 0x0000000082600000, 0x0000000082500000| Complete 
|  38|0x0000000082600000, 0x0000000082700000, 0x0000000082700000|100%| O|  |TAMS 0x0000000082700000, 0x0000000082600000| Untracked 
|  39|0x0000000082700000, 0x0000000082800000, 0x0000000082800000|100%| O|  |TAMS 0x0000000082800000, 0x0000000082700000| Complete 
|  40|0x0000000082800000, 0x0000000082900000, 0x0000000082900000|100%| O|  |TAMS 0x0000000082900000, 0x0000000082800000| Complete 
|  41|0x0000000082900000, 0x0000000082a00000, 0x0000000082a00000|100%| O|  |TAMS 0x0000000082a00000, 0x0000000082900000| Complete 
|  42|0x0000000082a00000, 0x0000000082b00000, 0x0000000082b00000|100%| O|  |TAMS 0x0000000082b00000, 0x0000000082a00000| Untracked 
|  43|0x0000000082b00000, 0x0000000082c00000, 0x0000000082c00000|100%| O|  |TAMS 0x0000000082c00000, 0x0000000082b00000| Untracked 
|  44|0x0000000082c00000, 0x0000000082d00000, 0x0000000082d00000|100%| O|  |TAMS 0x0000000082d00000, 0x0000000082c00000| Untracked 
|  45|0x0000000082d00000, 0x0000000082e00000, 0x0000000082e00000|100%| O|  |TAMS 0x0000000082e00000, 0x0000000082d00000| Untracked 
|  46|0x0000000082e00000, 0x0000000082f00000, 0x0000000082f00000|100%| O|  |TAMS 0x0000000082f00000, 0x0000000082e00000| Untracked 
|  47|0x0000000082f00000, 0x0000000083000000, 0x0000000083000000|100%| O|  |TAMS 0x0000000083000000, 0x0000000082f00000| Untracked 
|  48|0x0000000083000000, 0x0000000083100000, 0x0000000083100000|100%| O|  |TAMS 0x0000000083100000, 0x0000000083000000| Untracked 
|  49|0x0000000083100000, 0x0000000083200000, 0x0000000083200000|100%| O|  |TAMS 0x0000000083200000, 0x0000000083100000| Untracked 
|  50|0x0000000083200000, 0x0000000083300000, 0x0000000083300000|100%| O|  |TAMS 0x0000000083300000, 0x0000000083200000| Untracked 
|  51|0x0000000083300000, 0x0000000083400000, 0x0000000083400000|100%| O|  |TAMS 0x0000000083400000, 0x0000000083300000| Untracked 
|  52|0x0000000083400000, 0x0000000083500000, 0x0000000083500000|100%| O|  |TAMS 0x0000000083500000, 0x0000000083400000| Complete 
|  53|0x0000000083500000, 0x0000000083600000, 0x0000000083600000|100%| O|  |TAMS 0x0000000083600000, 0x0000000083500000| Complete 
|  54|0x0000000083600000, 0x0000000083700000, 0x0000000083700000|100%| O|  |TAMS 0x0000000083700000, 0x0000000083600000| Untracked 
|  55|0x0000000083700000, 0x0000000083800000, 0x0000000083800000|100%| O|  |TAMS 0x0000000083800000, 0x0000000083700000| Complete 
|  56|0x0000000083800000, 0x0000000083900000, 0x0000000083900000|100%| O|  |TAMS 0x0000000083900000, 0x0000000083800000| Complete 
|  57|0x0000000083900000, 0x0000000083a00000, 0x0000000083a00000|100%| O|  |TAMS 0x0000000083a00000, 0x0000000083900000| Untracked 
|  58|0x0000000083a00000, 0x0000000083b00000, 0x0000000083b00000|100%| O|  |TAMS 0x0000000083b00000, 0x0000000083a00000| Complete 
|  59|0x0000000083b00000, 0x0000000083c00000, 0x0000000083c00000|100%| O|  |TAMS 0x0000000083c00000, 0x0000000083b00000| Untracked 
|  60|0x0000000083c00000, 0x0000000083d00000, 0x0000000083d00000|100%| O|  |TAMS 0x0000000083d00000, 0x0000000083c00000| Complete 
|  61|0x0000000083d00000, 0x0000000083e00000, 0x0000000083e00000|100%| O|  |TAMS 0x0000000083e00000, 0x0000000083d00000| Untracked 
|  62|0x0000000083e00000, 0x0000000083f00000, 0x0000000083f00000|100%| O|  |TAMS 0x0000000083f00000, 0x0000000083e00000| Complete 
|  63|0x0000000083f00000, 0x0000000084000000, 0x0000000084000000|100%| O|  |TAMS 0x0000000084000000, 0x0000000083f00000| Untracked 
|  64|0x0000000084000000, 0x0000000084100000, 0x0000000084100000|100%| O|  |TAMS 0x0000000084100000, 0x0000000084000000| Complete 
|  65|0x0000000084100000, 0x0000000084200000, 0x0000000084200000|100%| O|  |TAMS 0x0000000084200000, 0x0000000084100000| Complete 
|  66|0x0000000084200000, 0x0000000084300000, 0x0000000084300000|100%| O|  |TAMS 0x0000000084300000, 0x0000000084200000| Complete 
|  67|0x0000000084300000, 0x0000000084400000, 0x0000000084400000|100%| O|  |TAMS 0x0000000084400000, 0x0000000084300000| Complete 
|  68|0x0000000084400000, 0x0000000084500000, 0x0000000084500000|100%| O|  |TAMS 0x0000000084500000, 0x0000000084400000| Complete 
|  69|0x0000000084500000, 0x0000000084600000, 0x0000000084600000|100%| O|  |TAMS 0x0000000084600000, 0x0000000084500000| Untracked 
|  70|0x0000000084600000, 0x0000000084700000, 0x0000000084700000|100%| O|  |TAMS 0x0000000084700000, 0x0000000084600000| Untracked 
|  71|0x0000000084700000, 0x0000000084800000, 0x0000000084800000|100%| O|  |TAMS 0x0000000084800000, 0x0000000084700000| Complete 
|  72|0x0000000084800000, 0x0000000084900000, 0x0000000084900000|100%| O|  |TAMS 0x0000000084900000, 0x0000000084800000| Complete 
|  73|0x0000000084900000, 0x0000000084a00000, 0x0000000084a00000|100%| O|  |TAMS 0x0000000084a00000, 0x0000000084900000| Untracked 
|  74|0x0000000084a00000, 0x0000000084b00000, 0x0000000084b00000|100%| O|  |TAMS 0x0000000084b00000, 0x0000000084a00000| Complete 
|  75|0x0000000084b00000, 0x0000000084c00000, 0x0000000084c00000|100%|HS|  |TAMS 0x0000000084c00000, 0x0000000084b00000| Complete 
|  76|0x0000000084c00000, 0x0000000084d00000, 0x0000000084d00000|100%|HC|  |TAMS 0x0000000084d00000, 0x0000000084c00000| Complete 
|  77|0x0000000084d00000, 0x0000000084e00000, 0x0000000084e00000|100%| O|  |TAMS 0x0000000084e00000, 0x0000000084d00000| Untracked 
|  78|0x0000000084e00000, 0x0000000084f00000, 0x0000000084f00000|100%| O|  |TAMS 0x0000000084f00000, 0x0000000084e00000| Complete 
|  79|0x0000000084f00000, 0x0000000085000000, 0x0000000085000000|100%| O|  |TAMS 0x0000000085000000, 0x0000000084f00000| Complete 
|  80|0x0000000085000000, 0x0000000085100000, 0x0000000085100000|100%| O|  |TAMS 0x0000000085100000, 0x0000000085000000| Untracked 
|  81|0x0000000085100000, 0x0000000085200000, 0x0000000085200000|100%| O|  |TAMS 0x0000000085200000, 0x0000000085100000| Complete 
|  82|0x0000000085200000, 0x0000000085300000, 0x0000000085300000|100%| O|  |TAMS 0x0000000085300000, 0x0000000085200000| Untracked 
|  83|0x0000000085300000, 0x0000000085400000, 0x0000000085400000|100%| O|  |TAMS 0x0000000085400000, 0x0000000085300000| Complete 
|  84|0x0000000085400000, 0x0000000085500000, 0x0000000085500000|100%| O|  |TAMS 0x0000000085500000, 0x0000000085400000| Complete 
|  85|0x0000000085500000, 0x0000000085600000, 0x0000000085600000|100%| O|  |TAMS 0x0000000085600000, 0x0000000085500000| Untracked 
|  86|0x0000000085600000, 0x0000000085700000, 0x0000000085700000|100%| O|  |TAMS 0x0000000085700000, 0x0000000085600000| Untracked 
|  87|0x0000000085700000, 0x0000000085800000, 0x0000000085800000|100%| O|  |TAMS 0x0000000085800000, 0x0000000085700000| Untracked 
|  88|0x0000000085800000, 0x0000000085900000, 0x0000000085900000|100%| O|  |TAMS 0x0000000085900000, 0x0000000085800000| Untracked 
|  89|0x0000000085900000, 0x0000000085a00000, 0x0000000085a00000|100%| O|  |TAMS 0x0000000085a00000, 0x0000000085900000| Complete 
|  90|0x0000000085a00000, 0x0000000085b00000, 0x0000000085b00000|100%| O|  |TAMS 0x0000000085b00000, 0x0000000085a00000| Untracked 
|  91|0x0000000085b00000, 0x0000000085c00000, 0x0000000085c00000|100%| O|  |TAMS 0x0000000085c00000, 0x0000000085b00000| Complete 
|  92|0x0000000085c00000, 0x0000000085d00000, 0x0000000085d00000|100%| O|  |TAMS 0x0000000085d00000, 0x0000000085c00000| Untracked 
|  93|0x0000000085d00000, 0x0000000085e00000, 0x0000000085e00000|100%| O|  |TAMS 0x0000000085e00000, 0x0000000085d00000| Untracked 
|  94|0x0000000085e00000, 0x0000000085f00000, 0x0000000085f00000|100%| O|  |TAMS 0x0000000085f00000, 0x0000000085e00000| Complete 
|  95|0x0000000085f00000, 0x0000000086000000, 0x0000000086000000|100%| O|  |TAMS 0x0000000086000000, 0x0000000085f00000| Complete 
|  96|0x0000000086000000, 0x0000000086100000, 0x0000000086100000|100%| O|  |TAMS 0x0000000086100000, 0x0000000086000000| Untracked 
|  97|0x0000000086100000, 0x0000000086100000, 0x0000000086200000|  0%| F|  |TAMS 0x0000000086100000, 0x0000000086100000| Untracked 
|  98|0x0000000086200000, 0x0000000086200000, 0x0000000086300000|  0%| F|  |TAMS 0x0000000086200000, 0x0000000086200000| Untracked 
|  99|0x0000000086300000, 0x0000000086400000, 0x0000000086400000|100%| O|  |TAMS 0x0000000086400000, 0x0000000086300000| Complete 
| 100|0x0000000086400000, 0x0000000086500000, 0x0000000086500000|100%| O|  |TAMS 0x0000000086500000, 0x0000000086400000| Complete 
| 101|0x0000000086500000, 0x0000000086600000, 0x0000000086600000|100%| O|  |TAMS 0x0000000086600000, 0x0000000086500000| Complete 
| 102|0x0000000086600000, 0x0000000086700000, 0x0000000086700000|100%| O|  |TAMS 0x0000000086700000, 0x0000000086600000| Untracked 
| 103|0x0000000086700000, 0x0000000086800000, 0x0000000086800000|100%| O|  |TAMS 0x0000000086800000, 0x0000000086700000| Untracked 
| 104|0x0000000086800000, 0x0000000086900000, 0x0000000086900000|100%| O|  |TAMS 0x0000000086900000, 0x0000000086800000| Complete 
| 105|0x0000000086900000, 0x0000000086a00000, 0x0000000086a00000|100%| O|  |TAMS 0x0000000086a00000, 0x0000000086900000| Complete 
| 106|0x0000000086a00000, 0x0000000086b00000, 0x0000000086b00000|100%| O|  |TAMS 0x0000000086b00000, 0x0000000086a00000| Complete 
| 107|0x0000000086b00000, 0x0000000086c00000, 0x0000000086c00000|100%| O|  |TAMS 0x0000000086c00000, 0x0000000086b00000| Complete 
| 108|0x0000000086c00000, 0x0000000086d00000, 0x0000000086d00000|100%| O|  |TAMS 0x0000000086d00000, 0x0000000086c00000| Complete 
| 109|0x0000000086d00000, 0x0000000086e00000, 0x0000000086e00000|100%| O|  |TAMS 0x0000000086e00000, 0x0000000086d00000| Complete 
| 110|0x0000000086e00000, 0x0000000086f00000, 0x0000000086f00000|100%| O|  |TAMS 0x0000000086f00000, 0x0000000086e00000| Untracked 
| 111|0x0000000086f00000, 0x0000000087000000, 0x0000000087000000|100%| O|  |TAMS 0x0000000087000000, 0x0000000086f00000| Untracked 
| 112|0x0000000087000000, 0x0000000087100000, 0x0000000087100000|100%| O|  |TAMS 0x0000000087100000, 0x0000000087000000| Untracked 
| 113|0x0000000087100000, 0x0000000087200000, 0x0000000087200000|100%| O|  |TAMS 0x0000000087200000, 0x0000000087100000| Untracked 
| 114|0x0000000087200000, 0x00000000872d9200, 0x0000000087300000| 84%| O|  |TAMS 0x00000000872d9200, 0x0000000087200000| Untracked 
| 115|0x0000000087300000, 0x0000000087300000, 0x0000000087400000|  0%| F|  |TAMS 0x0000000087300000, 0x0000000087300000| Untracked 
| 116|0x0000000087400000, 0x0000000087500000, 0x0000000087500000|100%|HS|  |TAMS 0x0000000087500000, 0x0000000087400000| Complete 
| 117|0x0000000087500000, 0x0000000087600000, 0x0000000087600000|100%|HC|  |TAMS 0x0000000087600000, 0x0000000087500000| Complete 
| 118|0x0000000087600000, 0x0000000087700000, 0x0000000087700000|100%|HC|  |TAMS 0x0000000087700000, 0x0000000087600000| Complete 
| 119|0x0000000087700000, 0x0000000087800000, 0x0000000087800000|100%| O|  |TAMS 0x0000000087800000, 0x0000000087700000| Untracked 
| 120|0x0000000087800000, 0x0000000087900000, 0x0000000087900000|100%| O|  |TAMS 0x0000000087900000, 0x0000000087800000| Untracked 
| 121|0x0000000087900000, 0x0000000087a00000, 0x0000000087a00000|100%|HS|  |TAMS 0x0000000087a00000, 0x0000000087900000| Complete 
| 122|0x0000000087a00000, 0x0000000087b00000, 0x0000000087b00000|100%|HC|  |TAMS 0x0000000087b00000, 0x0000000087a00000| Complete 
| 123|0x0000000087b00000, 0x0000000087c00000, 0x0000000087c00000|100%|HC|  |TAMS 0x0000000087c00000, 0x0000000087b00000| Complete 
| 124|0x0000000087c00000, 0x0000000087d00000, 0x0000000087d00000|100%|HC|  |TAMS 0x0000000087d00000, 0x0000000087c00000| Complete 
| 125|0x0000000087d00000, 0x0000000087e00000, 0x0000000087e00000|100%|HC|  |TAMS 0x0000000087e00000, 0x0000000087d00000| Complete 
| 126|0x0000000087e00000, 0x0000000087f00000, 0x0000000087f00000|100%|HS|  |TAMS 0x0000000087f00000, 0x0000000087e00000| Complete 
| 127|0x0000000087f00000, 0x0000000088000000, 0x0000000088000000|100%|HC|  |TAMS 0x0000000088000000, 0x0000000087f00000| Complete 
| 128|0x0000000088000000, 0x0000000088100000, 0x0000000088100000|100%|HC|  |TAMS 0x0000000088100000, 0x0000000088000000| Complete 
| 129|0x0000000088100000, 0x0000000088200000, 0x0000000088200000|100%|HC|  |TAMS 0x0000000088200000, 0x0000000088100000| Complete 
| 130|0x0000000088200000, 0x0000000088300000, 0x0000000088300000|100%|HC|  |TAMS 0x0000000088300000, 0x0000000088200000| Complete 
| 131|0x0000000088300000, 0x0000000088400000, 0x0000000088400000|100%|HS|  |TAMS 0x0000000088400000, 0x0000000088300000| Complete 
| 132|0x0000000088400000, 0x0000000088500000, 0x0000000088500000|100%|HC|  |TAMS 0x0000000088500000, 0x0000000088400000| Complete 
| 133|0x0000000088500000, 0x0000000088600000, 0x0000000088600000|100%|HC|  |TAMS 0x0000000088600000, 0x0000000088500000| Complete 
| 134|0x0000000088600000, 0x0000000088700000, 0x0000000088700000|100%| O|  |TAMS 0x0000000088700000, 0x0000000088600000| Untracked 
| 135|0x0000000088700000, 0x0000000088800000, 0x0000000088800000|100%| O|  |TAMS 0x0000000088800000, 0x0000000088700000| Untracked 
| 136|0x0000000088800000, 0x0000000088900000, 0x0000000088900000|100%| O|  |TAMS 0x0000000088900000, 0x0000000088800000| Untracked 
| 137|0x0000000088900000, 0x0000000088900000, 0x0000000088a00000|  0%| F|  |TAMS 0x0000000088900000, 0x0000000088900000| Untracked 
| 138|0x0000000088a00000, 0x0000000088a00000, 0x0000000088b00000|  0%| F|  |TAMS 0x0000000088a00000, 0x0000000088a00000| Untracked 
| 139|0x0000000088b00000, 0x0000000088c00000, 0x0000000088c00000|100%| O|  |TAMS 0x0000000088c00000, 0x0000000088b00000| Untracked 
| 140|0x0000000088c00000, 0x0000000088d00000, 0x0000000088d00000|100%| O|  |TAMS 0x0000000088d00000, 0x0000000088c00000| Complete 
| 141|0x0000000088d00000, 0x0000000088d00000, 0x0000000088e00000|  0%| F|  |TAMS 0x0000000088d00000, 0x0000000088d00000| Untracked 
| 142|0x0000000088e00000, 0x0000000088f00000, 0x0000000088f00000|100%| O|  |TAMS 0x0000000088f00000, 0x0000000088e00000| Untracked 
| 143|0x0000000088f00000, 0x0000000088f00000, 0x0000000089000000|  0%| F|  |TAMS 0x0000000088f00000, 0x0000000088f00000| Untracked 
| 144|0x0000000089000000, 0x0000000089100000, 0x0000000089100000|100%| O|  |TAMS 0x0000000089100000, 0x0000000089000000| Untracked 
| 145|0x0000000089100000, 0x0000000089200000, 0x0000000089200000|100%| O|  |TAMS 0x0000000089200000, 0x0000000089100000| Untracked 
| 146|0x0000000089200000, 0x0000000089200000, 0x0000000089300000|  0%| F|  |TAMS 0x0000000089200000, 0x0000000089200000| Untracked 
| 147|0x0000000089300000, 0x0000000089300000, 0x0000000089400000|  0%| F|  |TAMS 0x0000000089300000, 0x0000000089300000| Untracked 
| 148|0x0000000089400000, 0x0000000089500000, 0x0000000089500000|100%| O|  |TAMS 0x0000000089500000, 0x0000000089400000| Untracked 
| 149|0x0000000089500000, 0x0000000089600000, 0x0000000089600000|100%| O|  |TAMS 0x0000000089600000, 0x0000000089500000| Untracked 
| 150|0x0000000089600000, 0x0000000089700000, 0x0000000089700000|100%| O|  |TAMS 0x0000000089700000, 0x0000000089600000| Untracked 
| 151|0x0000000089700000, 0x0000000089800000, 0x0000000089800000|100%| O|  |TAMS 0x0000000089800000, 0x0000000089700000| Complete 
| 152|0x0000000089800000, 0x0000000089800000, 0x0000000089900000|  0%| F|  |TAMS 0x0000000089800000, 0x0000000089800000| Untracked 
| 153|0x0000000089900000, 0x0000000089900000, 0x0000000089a00000|  0%| F|  |TAMS 0x0000000089900000, 0x0000000089900000| Untracked 
| 154|0x0000000089a00000, 0x0000000089a00000, 0x0000000089b00000|  0%| F|  |TAMS 0x0000000089a00000, 0x0000000089a00000| Untracked 
| 155|0x0000000089b00000, 0x0000000089c00000, 0x0000000089c00000|100%| O|  |TAMS 0x0000000089c00000, 0x0000000089b00000| Untracked 
| 156|0x0000000089c00000, 0x0000000089c00000, 0x0000000089d00000|  0%| F|  |TAMS 0x0000000089c00000, 0x0000000089c00000| Untracked 
| 157|0x0000000089d00000, 0x0000000089d00000, 0x0000000089e00000|  0%| F|  |TAMS 0x0000000089d00000, 0x0000000089d00000| Untracked 
| 158|0x0000000089e00000, 0x0000000089e00000, 0x0000000089f00000|  0%| F|  |TAMS 0x0000000089e00000, 0x0000000089e00000| Untracked 
| 159|0x0000000089f00000, 0x000000008a000000, 0x000000008a000000|100%| O|  |TAMS 0x000000008a000000, 0x0000000089f00000| Complete 
| 160|0x000000008a000000, 0x000000008a000000, 0x000000008a100000|  0%| F|  |TAMS 0x000000008a000000, 0x000000008a000000| Untracked 
| 161|0x000000008a100000, 0x000000008a200000, 0x000000008a200000|100%| O|  |TAMS 0x000000008a200000, 0x000000008a100000| Complete 
| 162|0x000000008a200000, 0x000000008a300000, 0x000000008a300000|100%| O|  |TAMS 0x000000008a300000, 0x000000008a200000| Complete 
| 163|0x000000008a300000, 0x000000008a400000, 0x000000008a400000|100%| O|  |TAMS 0x000000008a400000, 0x000000008a300000| Untracked 
| 164|0x000000008a400000, 0x000000008a500000, 0x000000008a500000|100%|HS|  |TAMS 0x000000008a500000, 0x000000008a400000| Complete 
| 165|0x000000008a500000, 0x000000008a600000, 0x000000008a600000|100%|HC|  |TAMS 0x000000008a600000, 0x000000008a500000| Complete 
| 166|0x000000008a600000, 0x000000008a700000, 0x000000008a700000|100%| O|  |TAMS 0x000000008a700000, 0x000000008a600000| Untracked 
| 167|0x000000008a700000, 0x000000008a800000, 0x000000008a800000|100%| O|  |TAMS 0x000000008a800000, 0x000000008a700000| Untracked 
| 168|0x000000008a800000, 0x000000008a900000, 0x000000008a900000|100%| O|  |TAMS 0x000000008a900000, 0x000000008a800000| Untracked 
| 169|0x000000008a900000, 0x000000008aa00000, 0x000000008aa00000|100%| O|  |TAMS 0x000000008aa00000, 0x000000008a900000| Untracked 
| 170|0x000000008aa00000, 0x000000008ab00000, 0x000000008ab00000|100%| O|  |TAMS 0x000000008ab00000, 0x000000008aa00000| Complete 
| 171|0x000000008ab00000, 0x000000008ac00000, 0x000000008ac00000|100%| O|  |TAMS 0x000000008ac00000, 0x000000008ab00000| Untracked 
| 172|0x000000008ac00000, 0x000000008ac00000, 0x000000008ad00000|  0%| F|  |TAMS 0x000000008ac00000, 0x000000008ac00000| Untracked 
| 173|0x000000008ad00000, 0x000000008ad00000, 0x000000008ae00000|  0%| F|  |TAMS 0x000000008ad00000, 0x000000008ad00000| Untracked 
| 174|0x000000008ae00000, 0x000000008ae00000, 0x000000008af00000|  0%| F|  |TAMS 0x000000008ae00000, 0x000000008ae00000| Untracked 
| 175|0x000000008af00000, 0x000000008af00000, 0x000000008b000000|  0%| F|  |TAMS 0x000000008af00000, 0x000000008af00000| Untracked 
| 176|0x000000008b000000, 0x000000008b000000, 0x000000008b100000|  0%| F|  |TAMS 0x000000008b000000, 0x000000008b000000| Untracked 
| 177|0x000000008b100000, 0x000000008b100000, 0x000000008b200000|  0%| F|  |TAMS 0x000000008b100000, 0x000000008b100000| Untracked 
| 178|0x000000008b200000, 0x000000008b200000, 0x000000008b300000|  0%| F|  |TAMS 0x000000008b200000, 0x000000008b200000| Untracked 
| 179|0x000000008b300000, 0x000000008b300000, 0x000000008b400000|  0%| F|  |TAMS 0x000000008b300000, 0x000000008b300000| Untracked 
| 180|0x000000008b400000, 0x000000008b400000, 0x000000008b500000|  0%| F|  |TAMS 0x000000008b400000, 0x000000008b400000| Untracked 
| 181|0x000000008b500000, 0x000000008b500000, 0x000000008b600000|  0%| F|  |TAMS 0x000000008b500000, 0x000000008b500000| Untracked 
| 182|0x000000008b600000, 0x000000008b600000, 0x000000008b700000|  0%| F|  |TAMS 0x000000008b600000, 0x000000008b600000| Untracked 
| 183|0x000000008b700000, 0x000000008b700000, 0x000000008b800000|  0%| F|  |TAMS 0x000000008b700000, 0x000000008b700000| Untracked 
| 184|0x000000008b800000, 0x000000008b800000, 0x000000008b900000|  0%| F|  |TAMS 0x000000008b800000, 0x000000008b800000| Untracked 
| 185|0x000000008b900000, 0x000000008b900000, 0x000000008ba00000|  0%| F|  |TAMS 0x000000008b900000, 0x000000008b900000| Untracked 
| 186|0x000000008ba00000, 0x000000008ba00000, 0x000000008bb00000|  0%| F|  |TAMS 0x000000008ba00000, 0x000000008ba00000| Untracked 
| 187|0x000000008bb00000, 0x000000008bb00000, 0x000000008bc00000|  0%| F|  |TAMS 0x000000008bb00000, 0x000000008bb00000| Untracked 
| 188|0x000000008bc00000, 0x000000008bc00000, 0x000000008bd00000|  0%| F|  |TAMS 0x000000008bc00000, 0x000000008bc00000| Untracked 
| 189|0x000000008bd00000, 0x000000008bd00000, 0x000000008be00000|  0%| F|  |TAMS 0x000000008bd00000, 0x000000008bd00000| Untracked 
| 190|0x000000008be00000, 0x000000008be00000, 0x000000008bf00000|  0%| F|  |TAMS 0x000000008be00000, 0x000000008be00000| Untracked 
| 191|0x000000008bf00000, 0x000000008bf00000, 0x000000008c000000|  0%| F|  |TAMS 0x000000008bf00000, 0x000000008bf00000| Untracked 
| 192|0x000000008c000000, 0x000000008c000000, 0x000000008c100000|  0%| F|  |TAMS 0x000000008c000000, 0x000000008c000000| Untracked 
| 193|0x000000008c100000, 0x000000008c100000, 0x000000008c200000|  0%| F|  |TAMS 0x000000008c100000, 0x000000008c100000| Untracked 
| 194|0x000000008c200000, 0x000000008c200000, 0x000000008c300000|  0%| F|  |TAMS 0x000000008c200000, 0x000000008c200000| Untracked 
| 195|0x000000008c300000, 0x000000008c300000, 0x000000008c400000|  0%| F|  |TAMS 0x000000008c300000, 0x000000008c300000| Untracked 
| 196|0x000000008c400000, 0x000000008c400000, 0x000000008c500000|  0%| F|  |TAMS 0x000000008c400000, 0x000000008c400000| Untracked 
| 197|0x000000008c500000, 0x000000008c500000, 0x000000008c600000|  0%| F|  |TAMS 0x000000008c500000, 0x000000008c500000| Untracked 
| 198|0x000000008c600000, 0x000000008c600000, 0x000000008c700000|  0%| F|  |TAMS 0x000000008c600000, 0x000000008c600000| Untracked 
| 199|0x000000008c700000, 0x000000008c700000, 0x000000008c800000|  0%| F|  |TAMS 0x000000008c700000, 0x000000008c700000| Untracked 
| 200|0x000000008c800000, 0x000000008c800000, 0x000000008c900000|  0%| F|  |TAMS 0x000000008c800000, 0x000000008c800000| Untracked 
| 201|0x000000008c900000, 0x000000008c900000, 0x000000008ca00000|  0%| F|  |TAMS 0x000000008c900000, 0x000000008c900000| Untracked 
| 202|0x000000008ca00000, 0x000000008ca00000, 0x000000008cb00000|  0%| F|  |TAMS 0x000000008ca00000, 0x000000008ca00000| Untracked 
| 203|0x000000008cb00000, 0x000000008cb00000, 0x000000008cc00000|  0%| F|  |TAMS 0x000000008cb00000, 0x000000008cb00000| Untracked 
| 204|0x000000008cc00000, 0x000000008cc00000, 0x000000008cd00000|  0%| F|  |TAMS 0x000000008cc00000, 0x000000008cc00000| Untracked 
| 205|0x000000008cd00000, 0x000000008cd00000, 0x000000008ce00000|  0%| F|  |TAMS 0x000000008cd00000, 0x000000008cd00000| Untracked 
| 206|0x000000008ce00000, 0x000000008ce00000, 0x000000008cf00000|  0%| F|  |TAMS 0x000000008ce00000, 0x000000008ce00000| Untracked 
| 207|0x000000008cf00000, 0x000000008cf00000, 0x000000008d000000|  0%| F|  |TAMS 0x000000008cf00000, 0x000000008cf00000| Untracked 
| 208|0x000000008d000000, 0x000000008d000000, 0x000000008d100000|  0%| F|  |TAMS 0x000000008d000000, 0x000000008d000000| Untracked 
| 209|0x000000008d100000, 0x000000008d100000, 0x000000008d200000|  0%| F|  |TAMS 0x000000008d100000, 0x000000008d100000| Untracked 
| 210|0x000000008d200000, 0x000000008d200000, 0x000000008d300000|  0%| F|  |TAMS 0x000000008d200000, 0x000000008d200000| Untracked 
| 211|0x000000008d300000, 0x000000008d300000, 0x000000008d400000|  0%| F|  |TAMS 0x000000008d300000, 0x000000008d300000| Untracked 
| 212|0x000000008d400000, 0x000000008d400000, 0x000000008d500000|  0%| F|  |TAMS 0x000000008d400000, 0x000000008d400000| Untracked 
| 213|0x000000008d500000, 0x000000008d500000, 0x000000008d600000|  0%| F|  |TAMS 0x000000008d500000, 0x000000008d500000| Untracked 
| 214|0x000000008d600000, 0x000000008d600000, 0x000000008d700000|  0%| F|  |TAMS 0x000000008d600000, 0x000000008d600000| Untracked 
| 215|0x000000008d700000, 0x000000008d700000, 0x000000008d800000|  0%| F|  |TAMS 0x000000008d700000, 0x000000008d700000| Untracked 
| 216|0x000000008d800000, 0x000000008d800000, 0x000000008d900000|  0%| F|  |TAMS 0x000000008d800000, 0x000000008d800000| Untracked 
| 217|0x000000008d900000, 0x000000008d900000, 0x000000008da00000|  0%| F|  |TAMS 0x000000008d900000, 0x000000008d900000| Untracked 
| 218|0x000000008da00000, 0x000000008da00000, 0x000000008db00000|  0%| F|  |TAMS 0x000000008da00000, 0x000000008da00000| Untracked 
| 219|0x000000008db00000, 0x000000008db00000, 0x000000008dc00000|  0%| F|  |TAMS 0x000000008db00000, 0x000000008db00000| Untracked 
| 220|0x000000008dc00000, 0x000000008dc00000, 0x000000008dd00000|  0%| F|  |TAMS 0x000000008dc00000, 0x000000008dc00000| Untracked 
| 221|0x000000008dd00000, 0x000000008dd00000, 0x000000008de00000|  0%| F|  |TAMS 0x000000008dd00000, 0x000000008dd00000| Untracked 
| 222|0x000000008de00000, 0x000000008de00000, 0x000000008df00000|  0%| F|  |TAMS 0x000000008de00000, 0x000000008de00000| Untracked 
| 223|0x000000008df00000, 0x000000008df00000, 0x000000008e000000|  0%| F|  |TAMS 0x000000008df00000, 0x000000008df00000| Untracked 
| 224|0x000000008e000000, 0x000000008e000000, 0x000000008e100000|  0%| F|  |TAMS 0x000000008e000000, 0x000000008e000000| Untracked 
| 225|0x000000008e100000, 0x000000008e100000, 0x000000008e200000|  0%| F|  |TAMS 0x000000008e100000, 0x000000008e100000| Untracked 
| 226|0x000000008e200000, 0x000000008e200000, 0x000000008e300000|  0%| F|  |TAMS 0x000000008e200000, 0x000000008e200000| Untracked 
| 227|0x000000008e300000, 0x000000008e300000, 0x000000008e400000|  0%| F|  |TAMS 0x000000008e300000, 0x000000008e300000| Untracked 
| 228|0x000000008e400000, 0x000000008e400000, 0x000000008e500000|  0%| F|  |TAMS 0x000000008e400000, 0x000000008e400000| Untracked 
| 229|0x000000008e500000, 0x000000008e600000, 0x000000008e600000|100%| S|CS|TAMS 0x000000008e500000, 0x000000008e500000| Complete 
| 230|0x000000008e600000, 0x000000008e700000, 0x000000008e700000|100%| S|CS|TAMS 0x000000008e600000, 0x000000008e600000| Complete 
| 231|0x000000008e700000, 0x000000008e800000, 0x000000008e800000|100%| S|CS|TAMS 0x000000008e700000, 0x000000008e700000| Complete 
| 232|0x000000008e800000, 0x000000008e900000, 0x000000008e900000|100%| S|CS|TAMS 0x000000008e800000, 0x000000008e800000| Complete 
| 233|0x000000008e900000, 0x000000008ea00000, 0x000000008ea00000|100%| S|CS|TAMS 0x000000008e900000, 0x000000008e900000| Complete 
| 234|0x000000008ea00000, 0x000000008eb00000, 0x000000008eb00000|100%| S|CS|TAMS 0x000000008ea00000, 0x000000008ea00000| Complete 
| 235|0x000000008eb00000, 0x000000008ec00000, 0x000000008ec00000|100%| S|CS|TAMS 0x000000008eb00000, 0x000000008eb00000| Complete 
| 236|0x000000008ec00000, 0x000000008ed00000, 0x000000008ed00000|100%| S|CS|TAMS 0x000000008ec00000, 0x000000008ec00000| Complete 
| 237|0x000000008ed00000, 0x000000008ee00000, 0x000000008ee00000|100%| S|CS|TAMS 0x000000008ed00000, 0x000000008ed00000| Complete 
| 238|0x000000008ee00000, 0x000000008ef00000, 0x000000008ef00000|100%| S|CS|TAMS 0x000000008ee00000, 0x000000008ee00000| Complete 
| 239|0x000000008ef00000, 0x000000008ef00000, 0x000000008f000000|  0%| F|  |TAMS 0x000000008ef00000, 0x000000008ef00000| Untracked 
| 240|0x000000008f000000, 0x000000008f000000, 0x000000008f100000|  0%| F|  |TAMS 0x000000008f000000, 0x000000008f000000| Untracked 
| 241|0x000000008f100000, 0x000000008f100000, 0x000000008f200000|  0%| F|  |TAMS 0x000000008f100000, 0x000000008f100000| Untracked 
| 242|0x000000008f200000, 0x000000008f200000, 0x000000008f300000|  0%| F|  |TAMS 0x000000008f200000, 0x000000008f200000| Untracked 
| 243|0x000000008f300000, 0x000000008f300000, 0x000000008f400000|  0%| F|  |TAMS 0x000000008f300000, 0x000000008f300000| Untracked 
| 244|0x000000008f400000, 0x000000008f400000, 0x000000008f500000|  0%| F|  |TAMS 0x000000008f400000, 0x000000008f400000| Untracked 
| 245|0x000000008f500000, 0x000000008f500000, 0x000000008f600000|  0%| F|  |TAMS 0x000000008f500000, 0x000000008f500000| Untracked 
| 246|0x000000008f600000, 0x000000008f600000, 0x000000008f700000|  0%| F|  |TAMS 0x000000008f600000, 0x000000008f600000| Untracked 
| 247|0x000000008f700000, 0x000000008f700000, 0x000000008f800000|  0%| F|  |TAMS 0x000000008f700000, 0x000000008f700000| Untracked 
| 248|0x000000008f800000, 0x000000008f800000, 0x000000008f900000|  0%| F|  |TAMS 0x000000008f800000, 0x000000008f800000| Untracked 
| 249|0x000000008f900000, 0x000000008f900000, 0x000000008fa00000|  0%| F|  |TAMS 0x000000008f900000, 0x000000008f900000| Untracked 
| 250|0x000000008fa00000, 0x000000008fa00000, 0x000000008fb00000|  0%| F|  |TAMS 0x000000008fa00000, 0x000000008fa00000| Untracked 
| 251|0x000000008fb00000, 0x000000008fb00000, 0x000000008fc00000|  0%| F|  |TAMS 0x000000008fb00000, 0x000000008fb00000| Untracked 
| 252|0x000000008fc00000, 0x000000008fc00000, 0x000000008fd00000|  0%| F|  |TAMS 0x000000008fc00000, 0x000000008fc00000| Untracked 
| 253|0x000000008fd00000, 0x000000008fd00000, 0x000000008fe00000|  0%| F|  |TAMS 0x000000008fd00000, 0x000000008fd00000| Untracked 
| 254|0x000000008fe00000, 0x000000008fe00000, 0x000000008ff00000|  0%| F|  |TAMS 0x000000008fe00000, 0x000000008fe00000| Untracked 
| 255|0x000000008ff00000, 0x000000008ff00000, 0x0000000090000000|  0%| F|  |TAMS 0x000000008ff00000, 0x000000008ff00000| Untracked 
| 256|0x0000000090000000, 0x0000000090000000, 0x0000000090100000|  0%| F|  |TAMS 0x0000000090000000, 0x0000000090000000| Untracked 
| 257|0x0000000090100000, 0x0000000090100000, 0x0000000090200000|  0%| F|  |TAMS 0x0000000090100000, 0x0000000090100000| Untracked 
| 258|0x0000000090200000, 0x0000000090200000, 0x0000000090300000|  0%| F|  |TAMS 0x0000000090200000, 0x0000000090200000| Untracked 
| 259|0x0000000090300000, 0x0000000090300000, 0x0000000090400000|  0%| F|  |TAMS 0x0000000090300000, 0x0000000090300000| Untracked 
| 260|0x0000000090400000, 0x0000000090400000, 0x0000000090500000|  0%| F|  |TAMS 0x0000000090400000, 0x0000000090400000| Untracked 
| 261|0x0000000090500000, 0x0000000090500000, 0x0000000090600000|  0%| F|  |TAMS 0x0000000090500000, 0x0000000090500000| Untracked 
| 262|0x0000000090600000, 0x0000000090600000, 0x0000000090700000|  0%| F|  |TAMS 0x0000000090600000, 0x0000000090600000| Untracked 
| 263|0x0000000090700000, 0x0000000090700000, 0x0000000090800000|  0%| F|  |TAMS 0x0000000090700000, 0x0000000090700000| Untracked 
| 264|0x0000000090800000, 0x0000000090800000, 0x0000000090900000|  0%| F|  |TAMS 0x0000000090800000, 0x0000000090800000| Untracked 
| 265|0x0000000090900000, 0x0000000090900000, 0x0000000090a00000|  0%| F|  |TAMS 0x0000000090900000, 0x0000000090900000| Untracked 
| 266|0x0000000090a00000, 0x0000000090a00000, 0x0000000090b00000|  0%| F|  |TAMS 0x0000000090a00000, 0x0000000090a00000| Untracked 
| 267|0x0000000090b00000, 0x0000000090b00000, 0x0000000090c00000|  0%| F|  |TAMS 0x0000000090b00000, 0x0000000090b00000| Untracked 
| 268|0x0000000090c00000, 0x0000000090c00000, 0x0000000090d00000|  0%| F|  |TAMS 0x0000000090c00000, 0x0000000090c00000| Untracked 
| 269|0x0000000090d00000, 0x0000000090d00000, 0x0000000090e00000|  0%| F|  |TAMS 0x0000000090d00000, 0x0000000090d00000| Untracked 
| 270|0x0000000090e00000, 0x0000000090e00000, 0x0000000090f00000|  0%| F|  |TAMS 0x0000000090e00000, 0x0000000090e00000| Untracked 
| 271|0x0000000090f00000, 0x0000000090f00000, 0x0000000091000000|  0%| F|  |TAMS 0x0000000090f00000, 0x0000000090f00000| Untracked 
| 272|0x0000000091000000, 0x0000000091000000, 0x0000000091100000|  0%| F|  |TAMS 0x0000000091000000, 0x0000000091000000| Untracked 
| 273|0x0000000091100000, 0x0000000091100000, 0x0000000091200000|  0%| F|  |TAMS 0x0000000091100000, 0x0000000091100000| Untracked 
| 274|0x0000000091200000, 0x0000000091200000, 0x0000000091300000|  0%| F|  |TAMS 0x0000000091200000, 0x0000000091200000| Untracked 
| 275|0x0000000091300000, 0x000000009131d188, 0x0000000091400000| 11%| E|  |TAMS 0x0000000091300000, 0x0000000091300000| Complete 
| 276|0x0000000091400000, 0x0000000091500000, 0x0000000091500000|100%| E|CS|TAMS 0x0000000091400000, 0x0000000091400000| Complete 
| 277|0x0000000091500000, 0x0000000091600000, 0x0000000091600000|100%| E|CS|TAMS 0x0000000091500000, 0x0000000091500000| Complete 
| 278|0x0000000091600000, 0x0000000091700000, 0x0000000091700000|100%| E|CS|TAMS 0x0000000091600000, 0x0000000091600000| Complete 
| 279|0x0000000091700000, 0x0000000091800000, 0x0000000091800000|100%| E|CS|TAMS 0x0000000091700000, 0x0000000091700000| Complete 
| 280|0x0000000091800000, 0x0000000091900000, 0x0000000091900000|100%| E|CS|TAMS 0x0000000091800000, 0x0000000091800000| Complete 
| 281|0x0000000091900000, 0x0000000091a00000, 0x0000000091a00000|100%| E|CS|TAMS 0x0000000091900000, 0x0000000091900000| Complete 
| 282|0x0000000091a00000, 0x0000000091b00000, 0x0000000091b00000|100%| E|CS|TAMS 0x0000000091a00000, 0x0000000091a00000| Complete 
| 283|0x0000000091b00000, 0x0000000091c00000, 0x0000000091c00000|100%| E|CS|TAMS 0x0000000091b00000, 0x0000000091b00000| Complete 
| 284|0x0000000091c00000, 0x0000000091d00000, 0x0000000091d00000|100%| E|CS|TAMS 0x0000000091c00000, 0x0000000091c00000| Complete 
| 285|0x0000000091d00000, 0x0000000091e00000, 0x0000000091e00000|100%| E|CS|TAMS 0x0000000091d00000, 0x0000000091d00000| Complete 
| 286|0x0000000091e00000, 0x0000000091f00000, 0x0000000091f00000|100%| E|CS|TAMS 0x0000000091e00000, 0x0000000091e00000| Complete 
| 287|0x0000000091f00000, 0x0000000092000000, 0x0000000092000000|100%| E|CS|TAMS 0x0000000091f00000, 0x0000000091f00000| Complete 
| 288|0x0000000092000000, 0x0000000092100000, 0x0000000092100000|100%| E|CS|TAMS 0x0000000092000000, 0x0000000092000000| Complete 
| 289|0x0000000092100000, 0x0000000092200000, 0x0000000092200000|100%| E|CS|TAMS 0x0000000092100000, 0x0000000092100000| Complete 
| 290|0x0000000092200000, 0x0000000092300000, 0x0000000092300000|100%| E|CS|TAMS 0x0000000092200000, 0x0000000092200000| Complete 
| 291|0x0000000092300000, 0x0000000092400000, 0x0000000092400000|100%| E|CS|TAMS 0x0000000092300000, 0x0000000092300000| Complete 
| 292|0x0000000092400000, 0x0000000092500000, 0x0000000092500000|100%| E|CS|TAMS 0x0000000092400000, 0x0000000092400000| Complete 
| 293|0x0000000092500000, 0x0000000092600000, 0x0000000092600000|100%| E|CS|TAMS 0x0000000092500000, 0x0000000092500000| Complete 
| 294|0x0000000092600000, 0x0000000092700000, 0x0000000092700000|100%| E|CS|TAMS 0x0000000092600000, 0x0000000092600000| Complete 
| 295|0x0000000092700000, 0x0000000092800000, 0x0000000092800000|100%| E|CS|TAMS 0x0000000092700000, 0x0000000092700000| Complete 
| 296|0x0000000092800000, 0x0000000092900000, 0x0000000092900000|100%| E|CS|TAMS 0x0000000092800000, 0x0000000092800000| Complete 
| 297|0x0000000092900000, 0x0000000092a00000, 0x0000000092a00000|100%| E|CS|TAMS 0x0000000092900000, 0x0000000092900000| Complete 
| 298|0x0000000092a00000, 0x0000000092b00000, 0x0000000092b00000|100%| E|CS|TAMS 0x0000000092a00000, 0x0000000092a00000| Complete 
| 299|0x0000000092b00000, 0x0000000092c00000, 0x0000000092c00000|100%| E|CS|TAMS 0x0000000092b00000, 0x0000000092b00000| Complete 
| 300|0x0000000092c00000, 0x0000000092d00000, 0x0000000092d00000|100%| E|CS|TAMS 0x0000000092c00000, 0x0000000092c00000| Complete 
| 301|0x0000000092d00000, 0x0000000092e00000, 0x0000000092e00000|100%| E|CS|TAMS 0x0000000092d00000, 0x0000000092d00000| Complete 
| 302|0x0000000092e00000, 0x0000000092f00000, 0x0000000092f00000|100%| E|CS|TAMS 0x0000000092e00000, 0x0000000092e00000| Complete 
| 303|0x0000000092f00000, 0x0000000093000000, 0x0000000093000000|100%| E|CS|TAMS 0x0000000092f00000, 0x0000000092f00000| Complete 
| 304|0x0000000093000000, 0x0000000093100000, 0x0000000093100000|100%| E|CS|TAMS 0x0000000093000000, 0x0000000093000000| Complete 
| 305|0x0000000093100000, 0x0000000093200000, 0x0000000093200000|100%| E|CS|TAMS 0x0000000093100000, 0x0000000093100000| Complete 
| 306|0x0000000093200000, 0x0000000093300000, 0x0000000093300000|100%| E|CS|TAMS 0x0000000093200000, 0x0000000093200000| Complete 
| 307|0x0000000093300000, 0x0000000093400000, 0x0000000093400000|100%| E|CS|TAMS 0x0000000093300000, 0x0000000093300000| Complete 
| 308|0x0000000093400000, 0x0000000093500000, 0x0000000093500000|100%| E|CS|TAMS 0x0000000093400000, 0x0000000093400000| Complete 
| 309|0x0000000093500000, 0x0000000093600000, 0x0000000093600000|100%| E|CS|TAMS 0x0000000093500000, 0x0000000093500000| Complete 
| 310|0x0000000093600000, 0x0000000093700000, 0x0000000093700000|100%| E|CS|TAMS 0x0000000093600000, 0x0000000093600000| Complete 
| 311|0x0000000093700000, 0x0000000093800000, 0x0000000093800000|100%| E|CS|TAMS 0x0000000093700000, 0x0000000093700000| Complete 
| 312|0x0000000093800000, 0x0000000093900000, 0x0000000093900000|100%| E|CS|TAMS 0x0000000093800000, 0x0000000093800000| Complete 
| 313|0x0000000093900000, 0x0000000093a00000, 0x0000000093a00000|100%| E|CS|TAMS 0x0000000093900000, 0x0000000093900000| Complete 
| 314|0x0000000093a00000, 0x0000000093b00000, 0x0000000093b00000|100%| E|CS|TAMS 0x0000000093a00000, 0x0000000093a00000| Complete 

Card table byte_map: [0x0000020fefe10000,0x0000020ff0210000] _byte_map_base: 0x0000020fefa10000

Marking Bits (Prev, Next): (CMBitMap*) 0x0000020fdcc338a0, (CMBitMap*) 0x0000020fdcc33868
 Prev Bits: [0x0000020ff2610000, 0x0000020ff4610000)
 Next Bits: [0x0000020ff0610000, 0x0000020ff2610000)

Polling page: 0x0000020fdabb0000

Metaspace:

Usage:
  Non-class:    133.25 MB capacity,   129.52 MB ( 97%) used,     3.14 MB (  2%) free+waste,   608.44 KB ( <1%) overhead. 
      Class:     20.54 MB capacity,    18.55 MB ( 90%) used,     1.72 MB (  8%) free+waste,   275.63 KB (  1%) overhead. 
       Both:    153.79 MB capacity,   148.07 MB ( 96%) used,     4.86 MB (  3%) free+waste,   884.06 KB ( <1%) overhead. 

Virtual space:
  Non-class space:      134.00 MB reserved,     133.50 MB (>99%) committed 
      Class space:        1.00 GB reserved,      20.57 MB (  2%) committed 
             Both:        1.13 GB reserved,     154.07 MB ( 13%) committed 

Chunk freelists:
   Non-Class:  61.00 KB
       Class:  0 bytes
        Both:  61.00 KB

MaxMetaspaceSize: 17179869184.00 GB
CompressedClassSpaceSize: 1.00 GB

CodeHeap 'non-profiled nmethods': size=120000Kb used=22414Kb max_used=22414Kb free=97586Kb
 bounds [0x0000020fe81b0000, 0x0000020fe97a0000, 0x0000020fef6e0000]
CodeHeap 'profiled nmethods': size=120000Kb used=52443Kb max_used=52443Kb free=67556Kb
 bounds [0x0000020fe0c80000, 0x0000020fe3ff0000, 0x0000020fe81b0000]
CodeHeap 'non-nmethods': size=5760Kb used=2471Kb max_used=2520Kb free=3289Kb
 bounds [0x0000020fe06e0000, 0x0000020fe0970000, 0x0000020fe0c80000]
 total_blobs=25826 nmethods=24684 adapters=1052
 compilation: enabled
              stopped_count=0, restarted_count=0
 full_count=0

Compilation events (20 events):
Event: 1175.141 Thread 0x0000020ff7071800 28904       2       java.util.WeakHashMap$KeyIterator::next (8 bytes)
Event: 1175.141 Thread 0x0000020ff7071800 nmethod 28904 0x0000020fe3f9e190 code [0x0000020fe3f9e340, 0x0000020fe3f9e488]
Event: 1175.141 Thread 0x0000020ff7071800 28905       2       java.util.WeakHashMap$HashIterator::nextEntry (81 bytes)
Event: 1175.141 Thread 0x0000020ff7071800 nmethod 28905 0x0000020fe3f9e590 code [0x0000020fe3f9e780, 0x0000020fe3f9eb88]
Event: 1175.141 Thread 0x0000020ff7071800 28902       2       com.android.tools.r8.internal.A0::iterator (5 bytes)
Event: 1175.141 Thread 0x0000020ff7071800 nmethod 28902 0x0000020fe3f9ed10 code [0x0000020fe3f9eec0, 0x0000020fe3f9efe8]
Event: 1175.141 Thread 0x0000020ff7071800 28897       1       com.android.tools.r8.graph.L::f (2 bytes)
Event: 1175.141 Thread 0x0000020ff7071800 nmethod 28897 0x0000020fe978de10 code [0x0000020fe978dfc0, 0x0000020fe978e078]
Event: 1175.143 Thread 0x0000020ff7071800 28908       2       org.gradle.cache.internal.btree.BTreePersistentIndexedCache$IndexEntry::<init> (6 bytes)
Event: 1175.143 Thread 0x0000020ff7071800 nmethod 28908 0x0000020fe3f9f090 code [0x0000020fe3f9f240, 0x0000020fe3f9f338]
Event: 1175.144 Thread 0x0000020ff7071800 28909       2       org.gradle.cache.internal.btree.BTreePersistentIndexedCache$IndexEntry::<init> (10 bytes)
Event: 1175.144 Thread 0x0000020ff7071800 nmethod 28909 0x0000020fe3f9f410 code [0x0000020fe3f9f5c0, 0x0000020fe3f9f6b8]
Event: 1175.144 Thread 0x0000020ff706f800 nmethod 28792 0x0000020fe978e110 code [0x0000020fe978e340, 0x0000020fe978efb8]
Event: 1175.144 Thread 0x0000020ff7071800 28910       2       com.android.tools.r8.graph.z::a (32 bytes)
Event: 1175.144 Thread 0x0000020ff706f800 28877       4       com.android.tools.r8.graph.Q::a (10 bytes)
Event: 1175.144 Thread 0x0000020ff7071800 nmethod 28910 0x0000020fe3f9f790 code [0x0000020fe3f9f980, 0x0000020fe3f9fd78]
Event: 1175.145 Thread 0x0000020ff706f800 nmethod 28877 0x0000020fe978f790 code [0x0000020fe978f940, 0x0000020fe978fa48]
Event: 1175.145 Thread 0x0000020ff706f800 28838       4       com.android.tools.r8.graph.j0$m::f (293 bytes)
Event: 1175.145 Thread 0x0000020ff7071800 28913       2       com.android.tools.r8.internal.pr::b (23 bytes)
Event: 1175.145 Thread 0x0000020ff7071800 nmethod 28913 0x0000020fe3fa0090 code [0x0000020fe3fa0260, 0x0000020fe3fa0528]

GC Heap History (20 events):
Event: 1171.314 GC heap before
{Heap before GC invocations=184 (full 0):
 garbage-first heap   total 322560K, used 155609K [0x0000000080000000, 0x0000000100000000)
  region size 1024K, 15 young (15360K), 4 survivors (4096K)
 Metaspace       used 147682K, capacity 153353K, committed 153420K, reserved 1181696K
  class space    used 18582K, capacity 20538K, committed 20556K, reserved 1048576K
}
Event: 1171.318 GC heap after
{Heap after GC invocations=185 (full 0):
 garbage-first heap   total 322560K, used 136025K [0x0000000080000000, 0x0000000100000000)
  region size 1024K, 1 young (1024K), 1 survivors (1024K)
 Metaspace       used 147682K, capacity 153353K, committed 153420K, reserved 1181696K
  class space    used 18582K, capacity 20538K, committed 20556K, reserved 1048576K
}
Event: 1172.077 GC heap before
{Heap before GC invocations=185 (full 0):
 garbage-first heap   total 322560K, used 187225K [0x0000000080000000, 0x0000000100000000)
  region size 1024K, 53 young (54272K), 1 survivors (1024K)
 Metaspace       used 147782K, capacity 153417K, committed 153676K, reserved 1181696K
  class space    used 18582K, capacity 20538K, committed 20556K, reserved 1048576K
}
Event: 1172.101 GC heap after
{Heap after GC invocations=186 (full 0):
 garbage-first heap   total 322560K, used 146539K [0x0000000080000000, 0x0000000100000000)
  region size 1024K, 11 young (11264K), 11 survivors (11264K)
 Metaspace       used 147782K, capacity 153417K, committed 153676K, reserved 1181696K
  class space    used 18582K, capacity 20538K, committed 20556K, reserved 1048576K
}
Event: 1173.321 GC heap before
{Heap before GC invocations=187 (full 0):
 garbage-first heap   total 322560K, used 234603K [0x0000000080000000, 0x0000000100000000)
  region size 1024K, 86 young (88064K), 11 survivors (11264K)
 Metaspace       used 150488K, capacity 156181K, committed 156364K, reserved 1185792K
  class space    used 18848K, capacity 20838K, committed 20940K, reserved 1048576K
}
Event: 1173.341 GC heap after
{Heap after GC invocations=188 (full 0):
 garbage-first heap   total 322560K, used 162869K [0x0000000080000000, 0x0000000100000000)
  region size 1024K, 11 young (11264K), 11 survivors (11264K)
 Metaspace       used 150488K, capacity 156181K, committed 156364K, reserved 1185792K
  class space    used 18848K, capacity 20838K, committed 20940K, reserved 1048576K
}
Event: 1173.361 GC heap before
{Heap before GC invocations=188 (full 0):
 garbage-first heap   total 322560K, used 166965K [0x0000000080000000, 0x0000000100000000)
  region size 1024K, 15 young (15360K), 11 survivors (11264K)
 Metaspace       used 150489K, capacity 156181K, committed 156364K, reserved 1185792K
  class space    used 18848K, capacity 20838K, committed 20940K, reserved 1048576K
}
Event: 1173.372 GC heap after
{Heap after GC invocations=189 (full 0):
 garbage-first heap   total 322560K, used 158514K [0x0000000080000000, 0x0000000100000000)
  region size 1024K, 1 young (1024K), 1 survivors (1024K)
 Metaspace       used 150489K, capacity 156181K, committed 156364K, reserved 1185792K
  class space    used 18848K, capacity 20838K, committed 20940K, reserved 1048576K
}
Event: 1173.514 GC heap before
{Heap before GC invocations=189 (full 0):
 garbage-first heap   total 322560K, used 198450K [0x0000000080000000, 0x0000000100000000)
  region size 1024K, 42 young (43008K), 1 survivors (1024K)
 Metaspace       used 150496K, capacity 156181K, committed 156364K, reserved 1185792K
  class space    used 18848K, capacity 20838K, committed 20940K, reserved 1048576K
}
Event: 1173.520 GC heap after
{Heap after GC invocations=190 (full 0):
 garbage-first heap   total 322560K, used 161709K [0x0000000080000000, 0x0000000100000000)
  region size 1024K, 5 young (5120K), 5 survivors (5120K)
 Metaspace       used 150496K, capacity 156181K, committed 156364K, reserved 1185792K
  class space    used 18848K, capacity 20838K, committed 20940K, reserved 1048576K
}
Event: 1173.875 GC heap before
{Heap before GC invocations=191 (full 0):
 garbage-first heap   total 322560K, used 252845K [0x0000000080000000, 0x0000000100000000)
  region size 1024K, 80 young (81920K), 5 survivors (5120K)
 Metaspace       used 150576K, capacity 156310K, committed 156620K, reserved 1185792K
  class space    used 18849K, capacity 20838K, committed 20940K, reserved 1048576K
}
Event: 1173.883 GC heap after
{Heap after GC invocations=192 (full 0):
 garbage-first heap   total 322560K, used 165843K [0x0000000080000000, 0x0000000100000000)
  region size 1024K, 9 young (9216K), 9 survivors (9216K)
 Metaspace       used 150576K, capacity 156310K, committed 156620K, reserved 1185792K
  class space    used 18849K, capacity 20838K, committed 20940K, reserved 1048576K
}
Event: 1173.903 GC heap before
{Heap before GC invocations=192 (full 0):
 garbage-first heap   total 322560K, used 171987K [0x0000000080000000, 0x0000000100000000)
  region size 1024K, 15 young (15360K), 9 survivors (9216K)
 Metaspace       used 150582K, capacity 156310K, committed 156620K, reserved 1185792K
  class space    used 18849K, capacity 20838K, committed 20940K, reserved 1048576K
}
Event: 1173.911 GC heap after
{Heap after GC invocations=193 (full 0):
 garbage-first heap   total 322560K, used 166801K [0x0000000080000000, 0x0000000100000000)
  region size 1024K, 2 young (2048K), 2 survivors (2048K)
 Metaspace       used 150582K, capacity 156310K, committed 156620K, reserved 1185792K
  class space    used 18849K, capacity 20838K, committed 20940K, reserved 1048576K
}
Event: 1174.193 GC heap before
{Heap before GC invocations=193 (full 0):
 garbage-first heap   total 322560K, used 203665K [0x0000000080000000, 0x0000000100000000)
  region size 1024K, 39 young (39936K), 2 survivors (2048K)
 Metaspace       used 150736K, capacity 156527K, committed 156620K, reserved 1185792K
  class space    used 18873K, capacity 20867K, committed 20940K, reserved 1048576K
}
Event: 1174.200 GC heap after
{Heap after GC invocations=194 (full 0):
 garbage-first heap   total 322560K, used 167305K [0x0000000080000000, 0x0000000100000000)
  region size 1024K, 3 young (3072K), 3 survivors (3072K)
 Metaspace       used 150736K, capacity 156527K, committed 156620K, reserved 1185792K
  class space    used 18873K, capacity 20867K, committed 20940K, reserved 1048576K
}
Event: 1174.950 GC heap before
{Heap before GC invocations=195 (full 0):
 garbage-first heap   total 322560K, used 242057K [0x0000000080000000, 0x0000000100000000)
  region size 1024K, 71 young (72704K), 3 survivors (3072K)
 Metaspace       used 150836K, capacity 156603K, committed 156876K, reserved 1185792K
  class space    used 18879K, capacity 20870K, committed 20940K, reserved 1048576K
}
Event: 1174.959 GC heap after
{Heap after GC invocations=196 (full 0):
 garbage-first heap   total 322560K, used 175386K [0x0000000080000000, 0x0000000100000000)
  region size 1024K, 9 young (9216K), 9 survivors (9216K)
 Metaspace       used 150836K, capacity 156603K, committed 156876K, reserved 1185792K
  class space    used 18879K, capacity 20870K, committed 20940K, reserved 1048576K
}
Event: 1175.022 GC heap before
{Heap before GC invocations=196 (full 0):
 garbage-first heap   total 322560K, used 180506K [0x0000000080000000, 0x0000000100000000)
  region size 1024K, 15 young (15360K), 9 survivors (9216K)
 Metaspace       used 150921K, capacity 156738K, committed 156876K, reserved 1185792K
  class space    used 18895K, capacity 20915K, committed 20940K, reserved 1048576K
}
Event: 1175.030 GC heap after
{Heap after GC invocations=197 (full 0):
 garbage-first heap   total 322560K, used 155740K [0x0000000080000000, 0x0000000100000000)
  region size 1024K, 2 young (2048K), 2 survivors (2048K)
 Metaspace       used 150921K, capacity 156738K, committed 156876K, reserved 1185792K
  class space    used 18895K, capacity 20915K, committed 20940K, reserved 1048576K
}

Deoptimization events (20 events):
Event: 1175.127 Thread 0x0000020ffb65d000 DEOPT UNPACKING pc=0x0000020fe07078af sp=0x00000033ab9fab58 mode 2
Event: 1175.127 Thread 0x0000020ffb65b000 Uncommon trap: reason=bimorphic_or_optimized_type_check action=maybe_recompile pc=0x0000020fe8727024 method=com.android.tools.r8.graph.Q.a(Lcom/android/tools/r8/internal/BE;Lcom/android/tools/r8/internal/e8;)I @ 6 c2
Event: 1175.127 Thread 0x0000020ff8f90000 DEOPT PACKING pc=0x0000020fe8727024 sp=0x00000033ab7faf20
Event: 1175.127 Thread 0x0000020ffd963000 Uncommon trap: reason=bimorphic_or_optimized_type_check action=maybe_recompile pc=0x0000020fe8727024 method=com.android.tools.r8.graph.Q.a(Lcom/android/tools/r8/internal/BE;Lcom/android/tools/r8/internal/e8;)I @ 6 c2
Event: 1175.127 Thread 0x0000020ff8f8d800 Uncommon trap: reason=bimorphic_or_optimized_type_check action=maybe_recompile pc=0x0000020fe8727024 method=com.android.tools.r8.graph.Q.a(Lcom/android/tools/r8/internal/BE;Lcom/android/tools/r8/internal/e8;)I @ 6 c2
Event: 1175.127 Thread 0x0000020ffd963000 DEOPT PACKING pc=0x0000020fe8727024 sp=0x00000033ac8f7e90
Event: 1175.127 Thread 0x0000020ff8f8d800 DEOPT PACKING pc=0x0000020fe8727024 sp=0x00000033aadfab60
Event: 1175.127 Thread 0x0000020ff8f90000 DEOPT UNPACKING pc=0x0000020fe07078af sp=0x00000033ab7faec8 mode 2
Event: 1175.127 Thread 0x0000020ffb65b000 DEOPT PACKING pc=0x0000020fe8727024 sp=0x00000033ab8fabc0
Event: 1175.127 Thread 0x0000020ff8f8d800 DEOPT UNPACKING pc=0x0000020fe07078af sp=0x00000033aadfab08 mode 2
Event: 1175.127 Thread 0x0000020ffb65b000 DEOPT UNPACKING pc=0x0000020fe07078af sp=0x00000033ab8fab68 mode 2
Event: 1175.127 Thread 0x0000020ffd963000 DEOPT UNPACKING pc=0x0000020fe07078af sp=0x00000033ac8f7e38 mode 2
Event: 1175.140 Thread 0x0000020ff8f88000 Uncommon trap: trap_request=0xffffff4d fr.pc=0x0000020fe8323aec relative=0x000000000000080c
Event: 1175.140 Thread 0x0000020ff8f88000 Uncommon trap: reason=unstable_if action=reinterpret pc=0x0000020fe8323aec method=java.util.zip.ZipFile$CleanableResource.releaseInflater(Ljava/util/zip/Inflater;)V @ 6 c2
Event: 1175.140 Thread 0x0000020ff8f88000 DEOPT PACKING pc=0x0000020fe8323aec sp=0x00000033aaefb0d0
Event: 1175.140 Thread 0x0000020ff8f88000 DEOPT UNPACKING pc=0x0000020fe07078af sp=0x00000033aaefb048 mode 2
Event: 1175.147 Thread 0x0000020ffb657000 Uncommon trap: trap_request=0xffffff45 fr.pc=0x0000020fe8ed37b8 relative=0x00000000000011d8
Event: 1175.147 Thread 0x0000020ffb657000 Uncommon trap: reason=unstable_fused_if action=reinterpret pc=0x0000020fe8ed37b8 method=com.android.tools.r8.graph.G0.a(I)V @ 29 c2
Event: 1175.147 Thread 0x0000020ffb657000 DEOPT PACKING pc=0x0000020fe8ed37b8 sp=0x00000033abaf9c80
Event: 1175.147 Thread 0x0000020ffb657000 DEOPT UNPACKING pc=0x0000020fe07078af sp=0x00000033abaf9c60 mode 2

Classes redefined (0 events):
No events

Internal exceptions (20 events):
Event: 1171.388 Thread 0x0000020ffd961800 Exception <a 'sun/nio/fs/WindowsException'{0x00000000932ca808}> (0x00000000932ca808) thrown at [./src/hotspot/share/prims/jni.cpp, line 615]
Event: 1171.388 Thread 0x0000020ffd961800 Exception <a 'sun/nio/fs/WindowsException'{0x00000000932cb820}> (0x00000000932cb820) thrown at [./src/hotspot/share/prims/jni.cpp, line 615]
Event: 1172.748 Thread 0x0000020ffd960800 Exception <a 'java/lang/ClassNotFoundException'{0x000000009170dcf0}: sun/awt/resources/spi/awtProvider> (0x000000009170dcf0) thrown at [./src/hotspot/share/classfile/systemDictionary.cpp, line 231]
Event: 1172.758 Thread 0x0000020ffd960800 Exception <a 'java/io/FileNotFoundException'{0x00000000908c09c8}> (0x00000000908c09c8) thrown at [./src/hotspot/share/prims/jni.cpp, line 615]
Event: 1172.759 Thread 0x0000020ffd960800 Exception <a 'java/io/FileNotFoundException'{0x00000000908c4978}> (0x00000000908c4978) thrown at [./src/hotspot/share/prims/jni.cpp, line 615]
Event: 1174.606 Thread 0x0000020ffb65d000 Exception <a 'sun/nio/fs/WindowsException'{0x0000000090ae2940}> (0x0000000090ae2940) thrown at [./src/hotspot/share/prims/jni.cpp, line 615]
Event: 1174.608 Thread 0x0000020ffb65d000 Exception <a 'java/lang/NoSuchMethodError'{0x00000000909c3018}: 'void java.lang.invoke.DirectMethodHandle$Holder.invokeStatic(java.lang.Object, java.lang.Object, int, java.lang.Object, java.lang.Object, java.lang.Object, java.lang.Object)'> (0x00000000909c3018) thrown at [./src/hotspot/share/interpreter/linkResolver.cpp, line 773]
Event: 1174.614 Thread 0x0000020ff8f8d800 Exception <a 'sun/nio/fs/WindowsException'{0x0000000090610c50}> (0x0000000090610c50) thrown at [./src/hotspot/share/prims/jni.cpp, line 615]
Event: 1174.626 Thread 0x0000020ffb65b000 Exception <a 'sun/nio/fs/WindowsException'{0x00000000905fda60}> (0x00000000905fda60) thrown at [./src/hotspot/share/prims/jni.cpp, line 615]
Event: 1174.649 Thread 0x0000020ffd963000 Exception <a 'sun/nio/fs/WindowsException'{0x000000009030a148}> (0x000000009030a148) thrown at [./src/hotspot/share/prims/jni.cpp, line 615]
Event: 1174.921 Thread 0x0000020ff8f90000 Exception <a 'sun/nio/fs/WindowsException'{0x000000008f9e9d00}> (0x000000008f9e9d00) thrown at [./src/hotspot/share/prims/jni.cpp, line 615]
Event: 1174.983 Thread 0x0000020ffb657000 Exception <a 'sun/nio/fs/WindowsException'{0x00000000938d9348}> (0x00000000938d9348) thrown at [./src/hotspot/share/prims/jni.cpp, line 615]
Event: 1175.021 Thread 0x0000020ffd963000 Exception <a 'java/lang/NoSuchMethodError'{0x00000000935ddcc8}: 'long java.lang.invoke.DirectMethodHandle$Holder.invokeStatic(java.lang.Object, java.lang.Object)'> (0x00000000935ddcc8) thrown at [./src/hotspot/share/interpreter/linkResolver.cpp, line 773]
Event: 1175.126 Thread 0x0000020ffb65d000 Exception <a 'java/lang/IncompatibleClassChangeError'{0x0000000090b29da8}: Found class java.lang.Object, but interface was expected> (0x0000000090b29da8) thrown at [./src/hotspot/share/interpreter/linkResolver.cpp, line 839]
Event: 1175.126 Thread 0x0000020ff8f90000 Exception <a 'java/lang/IncompatibleClassChangeError'{0x00000000907a1dd0}: Found class java.lang.Object, but interface was expected> (0x00000000907a1dd0) thrown at [./src/hotspot/share/interpreter/linkResolver.cpp, line 839]
Event: 1175.126 Thread 0x0000020ffb65b000 Exception <a 'java/lang/IncompatibleClassChangeError'{0x0000000090d75888}: Found class java.lang.Object, but interface was expected> (0x0000000090d75888) thrown at [./src/hotspot/share/interpreter/linkResolver.cpp, line 839]
Event: 1175.126 Thread 0x0000020ff8f8d800 Exception <a 'java/lang/IncompatibleClassChangeError'{0x00000000905b5ba8}: Found class java.lang.Object, but interface was expected> (0x00000000905b5ba8) thrown at [./src/hotspot/share/interpreter/linkResolver.cpp, line 839]
Event: 1175.126 Thread 0x0000020ffd963000 Exception <a 'java/lang/IncompatibleClassChangeError'{0x0000000090b3a568}: Found class java.lang.Object, but interface was expected> (0x0000000090b3a568) thrown at [./src/hotspot/share/interpreter/linkResolver.cpp, line 839]
Event: 1175.139 Thread 0x0000020ff8f88000 Exception <a 'java/lang/OutOfMemoryError'{0x000000008ff48b20}> (0x000000008ff48b20) thrown at [./src/hotspot/share/prims/jni.cpp, line 636]
Event: 1175.140 Thread 0x0000020ff8f88000 Implicit null exception at 0x0000020fe832331b to 0x0000020fe8323ad4

Events (20 events):
Event: 1175.131 loading class com/android/tools/r8/internal/e7
Event: 1175.131 loading class com/android/tools/r8/internal/e7 done
Event: 1175.137 loading class com/android/tools/r8/internal/pr
Event: 1175.137 loading class com/android/tools/r8/internal/pr done
Event: 1175.137 loading class com/android/tools/r8/internal/ju
Event: 1175.137 loading class com/android/tools/r8/internal/ju done
Event: 1175.138 loading class com/android/tools/r8/internal/jo
Event: 1175.138 loading class com/android/tools/r8/internal/jo done
Event: 1175.138 loading class com/android/tools/r8/internal/jo
Event: 1175.138 loading class com/android/tools/r8/internal/jo done
Event: 1175.138 loading class com/android/tools/r8/internal/jo
Event: 1175.138 loading class com/android/tools/r8/internal/jo done
Event: 1175.138 loading class com/android/tools/r8/internal/jo
Event: 1175.138 loading class com/android/tools/r8/internal/jo done
Event: 1175.139 loading class com/android/tools/r8/internal/f9$a
Event: 1175.139 loading class com/android/tools/r8/internal/f9$a done
Event: 1175.139 loading class java/util/zip/DataFormatException
Event: 1175.140 loading class java/util/zip/DataFormatException done
Event: 1175.149 loading class com/android/tools/r8/internal/ku$g
Event: 1175.149 loading class com/android/tools/r8/internal/ku$g done


Dynamic libraries:
0x00007ff6c57f0000 - 0x00007ff6c57fa000 	C:\Program Files\Android\Android Studio2\jre\bin\java.exe
0x00007ffb9c3f0000 - 0x00007ffb9c5e5000 	C:\WINDOWS\SYSTEM32\ntdll.dll
0x00007ffb9aa80000 - 0x00007ffb9ab3e000 	C:\WINDOWS\System32\KERNEL32.DLL
0x00007ffb9a110000 - 0x00007ffb9a3d9000 	C:\WINDOWS\System32\KERNELBASE.dll
0x00007ffb99cd0000 - 0x00007ffb99dd0000 	C:\WINDOWS\System32\ucrtbase.dll
0x00007ffb85030000 - 0x00007ffb85049000 	C:\Program Files\Android\Android Studio2\jre\bin\jli.dll
0x00007ffb828c0000 - 0x00007ffb828d7000 	C:\Program Files\Android\Android Studio2\jre\bin\VCRUNTIME140.dll
0x00007ffb9a750000 - 0x00007ffb9a8f1000 	C:\WINDOWS\System32\USER32.dll
0x00007ffb888f0000 - 0x00007ffb88b8a000 	C:\WINDOWS\WinSxS\amd64_microsoft.windows.common-controls_6595b64144ccf1df_6.0.19041.1110_none_60b5254171f9507e\COMCTL32.dll
0x00007ffb9a0e0000 - 0x00007ffb9a102000 	C:\WINDOWS\System32\win32u.dll
0x00007ffb9ac80000 - 0x00007ffb9ad1e000 	C:\WINDOWS\System32\msvcrt.dll
0x00007ffb9c380000 - 0x00007ffb9c3ab000 	C:\WINDOWS\System32\GDI32.dll
0x00007ffb99bc0000 - 0x00007ffb99ccb000 	C:\WINDOWS\System32\gdi32full.dll
0x00007ffb9a040000 - 0x00007ffb9a0dd000 	C:\WINDOWS\System32\msvcp_win.dll
0x00007ffb9aff0000 - 0x00007ffb9b020000 	C:\WINDOWS\System32\IMM32.DLL
0x00007ffb5e340000 - 0x00007ffb5e3dd000 	C:\Program Files\Android\Android Studio2\jre\bin\msvcp140.dll
0x00007ffb423a0000 - 0x00007ffb42e6f000 	C:\Program Files\Android\Android Studio2\jre\bin\server\jvm.dll
0x00007ffb9a450000 - 0x00007ffb9a4fc000 	C:\WINDOWS\System32\ADVAPI32.dll
0x00007ffb9a500000 - 0x00007ffb9a59b000 	C:\WINDOWS\System32\sechost.dll
0x00007ffb9a600000 - 0x00007ffb9a72a000 	C:\WINDOWS\System32\RPCRT4.dll
0x00007ffb9ac70000 - 0x00007ffb9ac78000 	C:\WINDOWS\System32\PSAPI.DLL
0x00007ffb90610000 - 0x00007ffb90637000 	C:\WINDOWS\SYSTEM32\WINMM.dll
0x00007ffb93b60000 - 0x00007ffb93b69000 	C:\WINDOWS\SYSTEM32\WSOCK32.dll
0x00007ffb91620000 - 0x00007ffb9162a000 	C:\WINDOWS\SYSTEM32\VERSION.dll
0x00007ffb9af80000 - 0x00007ffb9afeb000 	C:\WINDOWS\System32\WS2_32.dll
0x00007ffb98640000 - 0x00007ffb98652000 	C:\WINDOWS\SYSTEM32\kernel.appcore.dll
0x00007ffb89a80000 - 0x00007ffb89a91000 	C:\Program Files\Android\Android Studio2\jre\bin\verify.dll
0x00007ffb98170000 - 0x00007ffb98354000 	C:\WINDOWS\SYSTEM32\DBGHELP.DLL
0x00007ffb7e760000 - 0x00007ffb7e78c000 	C:\WINDOWS\SYSTEM32\dbgcore.DLL
0x00007ffb99e50000 - 0x00007ffb99ed3000 	C:\WINDOWS\System32\bcryptPrimitives.dll
0x00007ffb826d0000 - 0x00007ffb826f9000 	C:\Program Files\Android\Android Studio2\jre\bin\java.dll
0x00007ffb93960000 - 0x00007ffb9396b000 	C:\Program Files\Android\Android Studio2\jre\bin\jimage.dll
0x00007ffb826b0000 - 0x00007ffb826c8000 	C:\Program Files\Android\Android Studio2\jre\bin\zip.dll
0x00007ffb9bc40000 - 0x00007ffb9c37f000 	C:\WINDOWS\System32\SHELL32.dll
0x00007ffb977f0000 - 0x00007ffb97f80000 	C:\WINDOWS\SYSTEM32\windows.storage.dll
0x00007ffb9b0a0000 - 0x00007ffb9b3f5000 	C:\WINDOWS\System32\combase.dll
0x00007ffb99560000 - 0x00007ffb9958c000 	C:\WINDOWS\SYSTEM32\Wldp.dll
0x00007ffb9b950000 - 0x00007ffb9b9fe000 	C:\WINDOWS\System32\SHCORE.dll
0x00007ffb9aa10000 - 0x00007ffb9aa65000 	C:\WINDOWS\System32\shlwapi.dll
0x00007ffb99a50000 - 0x00007ffb99a6f000 	C:\WINDOWS\SYSTEM32\profapi.dll
0x00007ffb82640000 - 0x00007ffb8265a000 	C:\Program Files\Android\Android Studio2\jre\bin\net.dll
0x00007ffb895d0000 - 0x00007ffb896d8000 	C:\WINDOWS\SYSTEM32\WINHTTP.dll
0x00007ffb992c0000 - 0x00007ffb9932a000 	C:\WINDOWS\system32\mswsock.dll
0x00007ffb82500000 - 0x00007ffb82514000 	C:\Program Files\Android\Android Studio2\jre\bin\nio.dll
0x00007ffb5a190000 - 0x00007ffb5a1b7000 	C:\Users\Prince\.gradle\native\8bec1ad78214c89d9ad589b4d07fe93259594b29d510b10fafb7a158f7737e5d\windows-amd64\native-platform.dll
0x00007ffb58370000 - 0x00007ffb584ad000 	C:\Users\Prince\.gradle\native\53dbd7edfb1c66fb8903c78663c9afc45aea4f116125fa6feffd364cf09443e8\windows-amd64\native-platform-file-events.dll
0x00007ffb84ef0000 - 0x00007ffb84efa000 	C:\Program Files\Android\Android Studio2\jre\bin\management.dll
0x00007ffb827e0000 - 0x00007ffb827ec000 	C:\Program Files\Android\Android Studio2\jre\bin\management_ext.dll
0x00007ffb994b0000 - 0x00007ffb994c8000 	C:\WINDOWS\SYSTEM32\CRYPTSP.dll
0x00007ffb98bd0000 - 0x00007ffb98c04000 	C:\WINDOWS\system32\rsaenh.dll
0x00007ffb99e20000 - 0x00007ffb99e47000 	C:\WINDOWS\System32\bcrypt.dll
0x00007ffb99a10000 - 0x00007ffb99a3e000 	C:\WINDOWS\SYSTEM32\USERENV.dll
0x00007ffb994d0000 - 0x00007ffb994dc000 	C:\WINDOWS\SYSTEM32\CRYPTBASE.dll
0x00007ffb98f60000 - 0x00007ffb98f9b000 	C:\WINDOWS\SYSTEM32\IPHLPAPI.DLL
0x00007ffb9a440000 - 0x00007ffb9a448000 	C:\WINDOWS\System32\NSI.dll
0x00007ffb98090000 - 0x00007ffb980a7000 	C:\WINDOWS\SYSTEM32\dhcpcsvc6.DLL
0x00007ffb98070000 - 0x00007ffb9808d000 	C:\WINDOWS\SYSTEM32\dhcpcsvc.DLL
0x00007ffb98fb0000 - 0x00007ffb9907c000 	C:\WINDOWS\SYSTEM32\DNSAPI.dll
0x00007ffb824b0000 - 0x00007ffb824d7000 	C:\Program Files\Android\Android Studio2\jre\bin\sunec.dll
0x00007ffb89340000 - 0x00007ffb8934a000 	C:\Windows\System32\rasadhlp.dll
0x00007ffb88ec0000 - 0x00007ffb88f3f000 	C:\WINDOWS\System32\fwpuclnt.dll
0x00007ffb59d00000 - 0x00007ffb59ea4000 	C:\Program Files\Android\Android Studio2\jre\bin\awt.dll
0x00007ffb9b400000 - 0x00007ffb9b4cd000 	C:\WINDOWS\System32\OLEAUT32.dll
0x00007ffb97320000 - 0x00007ffb9734f000 	C:\WINDOWS\SYSTEM32\dwmapi.dll
0x00007ffb96e30000 - 0x00007ffb96ec0000 	C:\WINDOWS\SYSTEM32\apphelp.dll
0x00007ffb97060000 - 0x00007ffb970fe000 	C:\WINDOWS\system32\uxtheme.dll

dbghelp: loaded successfully - version: 4.0.5 - missing functions: none
symbol engine: initialized successfully - sym options: 0x614 - pdb path: .;C:\Program Files\Android\Android Studio2\jre\bin;C:\WINDOWS\SYSTEM32;C:\WINDOWS\WinSxS\amd64_microsoft.windows.common-controls_6595b64144ccf1df_6.0.19041.1110_none_60b5254171f9507e;C:\Program Files\Android\Android Studio2\jre\bin\server;C:\Users\Prince\.gradle\native\8bec1ad78214c89d9ad589b4d07fe93259594b29d510b10fafb7a158f7737e5d\windows-amd64;C:\Users\Prince\.gradle\native\53dbd7edfb1c66fb8903c78663c9afc45aea4f116125fa6feffd364cf09443e8\windows-amd64

VM Arguments:
jvm_args: --add-opens=java.base/java.util=ALL-UNNAMED --add-opens=java.base/java.lang=ALL-UNNAMED --add-opens=java.base/java.lang.invoke=ALL-UNNAMED --add-opens=java.base/java.util=ALL-UNNAMED --add-opens=java.prefs/java.util.prefs=ALL-UNNAMED --add-opens=java.prefs/java.util.prefs=ALL-UNNAMED --add-opens=java.base/java.nio.charset=ALL-UNNAMED --add-opens=java.base/java.net=ALL-UNNAMED --add-opens=java.base/java.util.concurrent.atomic=ALL-UNNAMED -Xmx2048m -Dfile.encoding=UTF-8 -Duser.country=US -Duser.language=en -Duser.variant 
java_command: org.gradle.launcher.daemon.bootstrap.GradleDaemon 7.0.2
java_class_path (initial): C:\Users\Prince\.gradle\wrapper\dists\gradle-7.0.2-bin\857tjihv64xamwrf0h14cai3r\gradle-7.0.2\lib\gradle-launcher-7.0.2.jar
Launcher Type: SUN_STANDARD

[Global flags]
     intx CICompilerCount                          = 4                                         {product} {ergonomic}
     uint ConcGCThreads                            = 2                                         {product} {ergonomic}
     uint G1ConcRefinementThreads                  = 8                                         {product} {ergonomic}
   size_t G1HeapRegionSize                         = 1048576                                   {product} {ergonomic}
    uintx GCDrainStackTargetSize                   = 64                                        {product} {ergonomic}
   size_t InitialHeapSize                          = 134217728                                 {product} {ergonomic}
   size_t MarkStackSize                            = 4194304                                   {product} {ergonomic}
   size_t MaxHeapSize                              = 2147483648                                {product} {command line}
   size_t MaxNewSize                               = 1287651328                                {product} {ergonomic}
   size_t MinHeapDeltaBytes                        = 1048576                                   {product} {ergonomic}
    uintx NonNMethodCodeHeapSize                   = 5836300                                {pd product} {ergonomic}
    uintx NonProfiledCodeHeapSize                  = 122910970                              {pd product} {ergonomic}
    uintx ProfiledCodeHeapSize                     = 122910970                              {pd product} {ergonomic}
    uintx ReservedCodeCacheSize                    = 251658240                              {pd product} {ergonomic}
     bool SegmentedCodeCache                       = true                                      {product} {ergonomic}
     bool UseCompressedClassPointers               = true                                 {lp64_product} {ergonomic}
     bool UseCompressedOops                        = true                                 {lp64_product} {ergonomic}
     bool UseG1GC                                  = true                                      {product} {ergonomic}
     bool UseLargePagesIndividualAllocation        = false                                  {pd product} {ergonomic}

Logging:
Log output configuration:
 #0: stdout all=warning uptime,level,tags
 #1: stderr all=off uptime,level,tags

Environment Variables:
PATH=C:\Program Files\Common Files\Oracle\Java\javapath;F:\bin;F:\VMware\bin\;C:\Program Files\NVIDIA GPU Computing Toolkit\CUDA\v11.0\bin;C:\Program Files\NVIDIA GPU Computing Toolkit\CUDA\v11.0\libnvvp;C:\Program Files (x86)\Common Files\Intel\Shared Libraries\redist\intel64_win\compiler;C:\ProgramData\Oracle\Java\javapath;C:\Windows\system32;C:\Windows;C:\Windows\System32\Wbem;C:\Windows\System32\WindowsPowerShell\v1.0\;C:\Windows\System32\OpenSSH\;C:\Program Files\NVIDIA Corporation\NVIDIA NvDLISR;C:\Program Files (x86)\NVIDIA Corporation\PhysX\Common;C:\Program Files\NVIDIA Corporation\Nsight Compute 2020.1.2\;C:\Program Files\Git\cmd;C:\Program Files\PuTTY\;C:\Program Files\Amazon\AWSCLIV2\;C:\Program Files\nodejs\;C:\WINDOWS\system32;C:\WINDOWS;C:\WINDOWS\System32\Wbem;C:\WINDOWS\System32\WindowsPowerShell\v1.0\;C:\WINDOWS\System32\OpenSSH\;C:\Users\Prince\.amplify\bin;F:\Anaconda;F:\Anaconda\Library\mingw-w64\bin;F:\Anaconda\Library\usr\bin;F:\Anaconda\Library\bin;F:\Anaconda\Scripts;C:\Users\Prince\AppData\Local\Programs\Python\Python38-32\Scripts\;C:\Users\Prince\AppData\Local\Programs\Python\Python38-32\;C:\Users\Prince\AppData\Local\Microsoft\WindowsApps;F:\Pycharm\PyCharm Community Edition 2020.2.2\bin;;F:\Microsoft VS Code\bin;C:\Users\Prince\AppData\Roaming\npm;
USERNAME=Prince
OS=Windows_NT
PROCESSOR_IDENTIFIER=Intel64 Family 6 Model 142 Stepping 10, GenuineIntel



---------------  S Y S T E M  ---------------

OS: Windows 10 , 64 bit Build 19041 (10.0.19041.1202)
OS uptime: 0 days 20:40 hours

CPU:total 8 (initial active 8) (4 cores per cpu, 2 threads per core) family 6 model 142 stepping 10 microcode 0xb4, cmov, cx8, fxsr, mmx, sse, sse2, sse3, ssse3, sse4.1, sse4.2, popcnt, avx, avx2, aes, clmul, erms, 3dnowpref, lzcnt, ht, tsc, tscinvbit, bmi1, bmi2, adx, fma

Memory: 4k page, system-wide physical 8107M (596M free)
TotalPageFile size 12203M (AvailPageFile size 70M)
current process WorkingSet (physical memory assigned to process): 730M, peak: 730M
current process commit charge ("private bytes"): 796M, peak: 799M

vm_info: OpenJDK 64-Bit Server VM (11.0.10+0-b96-7249189) for windows-amd64 JRE (11.0.10+0-b96-7249189), built on Mar 31 2021 21:44:00 by "builder" with MS VC++ 14.0 (VS2015)

END.
